This is pdfTeX, Version 3.14159265-2.6-1.40.17 (TeX Live 2016) (preloaded format=pdflatex 2017.1.17)  28 AUG 2018 14:16
entering extended mode
 restricted \write18 enabled.
 %&-line parsing enabled.
**lecture_1.tex
(./lecture_1.tex
LaTeX2e <2016/03/31> patch level 3
Babel <3.9r> and hyphenation patterns for 83 language(s) loaded.

(/mn/sarpanitu/modules/packages/texlive/latest-uio/uio-texmf/texmf-dist/tex/lat
ex/beamer/beamer.cls
Document Class: beamer 2017/01/09 v3.39 A class for typesetting presentations

(/mn/sarpanitu/modules/packages/texlive/latest-uio/uio-texmf/texmf-dist/tex/lat
ex/etoolbox/etoolbox.sty
Package: etoolbox 2017/01/02 v2.4 e-TeX tools for LaTeX (JAW)
\etb@tempcnta=\count79
)
(/mn/sarpanitu/modules/packages/texlive/latest-uio/uio-texmf/texmf-dist/tex/lat
ex/beamer/beamerbasemodes.sty
\beamer@tempbox=\box26
\beamer@tempcount=\count80
\c@beamerpauses=\count81

(/mn/sarpanitu/modules/packages/texlive/latest-uio/uio-texmf/texmf-dist/tex/lat
ex/beamer/beamerbasedecode.sty
\beamer@slideinframe=\count82
\beamer@minimum=\count83
)
\beamer@commentbox=\box27
\beamer@modecount=\count84
)
(/mn/sarpanitu/modules/packages/texlive/latest-uio/uio-texmf/texmf-dist/tex/gen
eric/oberdiek/ifpdf.sty
Package: ifpdf 2016/05/14 v3.1 Provides the ifpdf switch
)
\headheight=\dimen102
\headdp=\dimen103
\footheight=\dimen104
\sidebarheight=\dimen105
\beamer@tempdim=\dimen106
\beamer@finalheight=\dimen107
\beamer@animht=\dimen108
\beamer@animdp=\dimen109
\beamer@animwd=\dimen110
\beamer@leftmargin=\dimen111
\beamer@rightmargin=\dimen112
\beamer@leftsidebar=\dimen113
\beamer@rightsidebar=\dimen114
\beamer@boxsize=\dimen115
\beamer@vboxoffset=\dimen116
\beamer@descdefault=\dimen117
\beamer@descriptionwidth=\dimen118
\beamer@lastskip=\skip41
\beamer@areabox=\box28
\beamer@animcurrent=\box29
\beamer@animshowbox=\box30
\beamer@sectionbox=\box31
\beamer@logobox=\box32
\beamer@linebox=\box33
\beamer@sectioncount=\count85
\beamer@subsubsectionmax=\count86
\beamer@subsectionmax=\count87
\beamer@sectionmax=\count88
\beamer@totalheads=\count89
\beamer@headcounter=\count90
\beamer@partstartpage=\count91
\beamer@sectionstartpage=\count92
\beamer@subsectionstartpage=\count93
\beamer@animationtempa=\count94
\beamer@animationtempb=\count95
\beamer@xpos=\count96
\beamer@ypos=\count97
\beamer@showpartnumber=\count98
\beamer@currentsubsection=\count99
\beamer@coveringdepth=\count100
\beamer@sectionadjust=\count101
\beamer@tocsectionnumber=\count102

(/mn/sarpanitu/modules/packages/texlive/latest-uio/uio-texmf/texmf-dist/tex/lat
ex/beamer/beamerbaseoptions.sty
(/mn/sarpanitu/modules/packages/texlive/latest-uio/uio-texmf/texmf-dist/tex/lat
ex/graphics/keyval.sty
Package: keyval 2014/10/28 v1.15 key=value parser (DPC)
\KV@toks@=\toks14
))
\beamer@paperwidth=\skip42
\beamer@paperheight=\skip43

(/mn/sarpanitu/modules/packages/texlive/latest-uio/uio-texmf/texmf-dist/tex/lat
ex/geometry/geometry.sty
Package: geometry 2010/09/12 v5.6 Page Geometry

(/mn/sarpanitu/modules/packages/texlive/latest-uio/uio-texmf/texmf-dist/tex/gen
eric/oberdiek/ifvtex.sty
Package: ifvtex 2016/05/16 v1.6 Detect VTeX and its facilities (HO)
Package ifvtex Info: VTeX not detected.
)
(/mn/sarpanitu/modules/packages/texlive/latest-uio/uio-texmf/texmf-dist/tex/gen
eric/ifxetex/ifxetex.sty
Package: ifxetex 2010/09/12 v0.6 Provides ifxetex conditional
)
\Gm@cnth=\count103
\Gm@cntv=\count104
\c@Gm@tempcnt=\count105
\Gm@bindingoffset=\dimen119
\Gm@wd@mp=\dimen120
\Gm@odd@mp=\dimen121
\Gm@even@mp=\dimen122
\Gm@layoutwidth=\dimen123
\Gm@layoutheight=\dimen124
\Gm@layouthoffset=\dimen125
\Gm@layoutvoffset=\dimen126
\Gm@dimlist=\toks15
)

Class beamer Warning: ``mathserif'' is obsolete. Use font theme ``serif'' with 
option ``onlymath'' on input line 350.


(/mn/sarpanitu/modules/packages/texlive/latest-uio/uio-texmf/texmf-dist/tex/lat
ex/base/size11.clo
File: size11.clo 2014/09/29 v1.4h Standard LaTeX file (size option)
)
(/mn/sarpanitu/modules/packages/texlive/latest-uio/uio-texmf/texmf-dist/tex/lat
ex/pgf/basiclayer/pgfcore.sty
(/mn/sarpanitu/modules/packages/texlive/latest-uio/uio-texmf/texmf-dist/tex/lat
ex/graphics/graphicx.sty
Package: graphicx 2014/10/28 v1.0g Enhanced LaTeX Graphics (DPC,SPQR)

(/mn/sarpanitu/modules/packages/texlive/latest-uio/uio-texmf/texmf-dist/tex/lat
ex/graphics/graphics.sty
Package: graphics 2016/07/10 v1.0t Standard LaTeX Graphics (DPC,SPQR)

(/mn/sarpanitu/modules/packages/texlive/latest-uio/uio-texmf/texmf-dist/tex/lat
ex/graphics/trig.sty
Package: trig 2016/01/03 v1.10 sin cos tan (DPC)
)
(/mn/sarpanitu/modules/packages/texlive/latest-uio/uio-texmf/texmf-dist/tex/lat
ex/graphics-cfg/graphics.cfg
File: graphics.cfg 2016/06/04 v1.11 sample graphics configuration
)
Package graphics Info: Driver file: pdftex.def on input line 99.

(/mn/sarpanitu/modules/packages/texlive/latest-uio/uio-texmf/texmf-dist/tex/lat
ex/graphics-def/pdftex.def
File: pdftex.def 2016/07/10 v0.06j Graphics/color for pdfTeX

(/mn/sarpanitu/modules/packages/texlive/latest-uio/uio-texmf/texmf-dist/tex/gen
eric/oberdiek/infwarerr.sty
Package: infwarerr 2016/05/16 v1.4 Providing info/warning/error messages (HO)
)
(/mn/sarpanitu/modules/packages/texlive/latest-uio/uio-texmf/texmf-dist/tex/gen
eric/oberdiek/ltxcmds.sty
Package: ltxcmds 2016/05/16 v1.23 LaTeX kernel commands for general use (HO)
)
\Gread@gobject=\count106
))
\Gin@req@height=\dimen127
\Gin@req@width=\dimen128
)
(/mn/sarpanitu/modules/packages/texlive/latest-uio/uio-texmf/texmf-dist/tex/lat
ex/pgf/systemlayer/pgfsys.sty
(/mn/sarpanitu/modules/packages/texlive/latest-uio/uio-texmf/texmf-dist/tex/lat
ex/pgf/utilities/pgfrcs.sty
(/mn/sarpanitu/modules/packages/texlive/latest-uio/uio-texmf/texmf-dist/tex/gen
eric/pgf/utilities/pgfutil-common.tex
\pgfutil@everybye=\toks16
\pgfutil@tempdima=\dimen129
\pgfutil@tempdimb=\dimen130

(/mn/sarpanitu/modules/packages/texlive/latest-uio/uio-texmf/texmf-dist/tex/gen
eric/pgf/utilities/pgfutil-common-lists.tex))
(/mn/sarpanitu/modules/packages/texlive/latest-uio/uio-texmf/texmf-dist/tex/gen
eric/pgf/utilities/pgfutil-latex.def
\pgfutil@abb=\box34

(/mn/sarpanitu/modules/packages/texlive/latest-uio/uio-texmf/texmf-dist/tex/lat
ex/ms/everyshi.sty
Package: everyshi 2001/05/15 v3.00 EveryShipout Package (MS)
))
(/mn/sarpanitu/modules/packages/texlive/latest-uio/uio-texmf/texmf-dist/tex/gen
eric/pgf/utilities/pgfrcs.code.tex
Package: pgfrcs 2015/08/07 v3.0.1a (rcs-revision 1.31)
))
(/mn/sarpanitu/modules/packages/texlive/latest-uio/uio-texmf/texmf-dist/tex/gen
eric/pgf/systemlayer/pgfsys.code.tex
Package: pgfsys 2014/07/09 v3.0.1a (rcs-revision 1.48)

(/mn/sarpanitu/modules/packages/texlive/latest-uio/uio-texmf/texmf-dist/tex/gen
eric/pgf/utilities/pgfkeys.code.tex
\pgfkeys@pathtoks=\toks17
\pgfkeys@temptoks=\toks18

(/mn/sarpanitu/modules/packages/texlive/latest-uio/uio-texmf/texmf-dist/tex/gen
eric/pgf/utilities/pgfkeysfiltered.code.tex
\pgfkeys@tmptoks=\toks19
))
\pgf@x=\dimen131
\pgf@y=\dimen132
\pgf@xa=\dimen133
\pgf@ya=\dimen134
\pgf@xb=\dimen135
\pgf@yb=\dimen136
\pgf@xc=\dimen137
\pgf@yc=\dimen138
\w@pgf@writea=\write3
\r@pgf@reada=\read1
\c@pgf@counta=\count107
\c@pgf@countb=\count108
\c@pgf@countc=\count109
\c@pgf@countd=\count110
\t@pgf@toka=\toks20
\t@pgf@tokb=\toks21
\t@pgf@tokc=\toks22

(/mn/sarpanitu/modules/packages/texlive/latest-uio/uio-texmf/texmf-dist/tex/gen
eric/pgf/systemlayer/pgf.cfg
File: pgf.cfg 2008/05/14  (rcs-revision 1.7)
)
Driver file for pgf: pgfsys-pdftex.def

(/mn/sarpanitu/modules/packages/texlive/latest-uio/uio-texmf/texmf-dist/tex/gen
eric/pgf/systemlayer/pgfsys-pdftex.def
File: pgfsys-pdftex.def 2014/10/11  (rcs-revision 1.35)

(/mn/sarpanitu/modules/packages/texlive/latest-uio/uio-texmf/texmf-dist/tex/gen
eric/pgf/systemlayer/pgfsys-common-pdf.def
File: pgfsys-common-pdf.def 2013/10/10  (rcs-revision 1.13)
)))
(/mn/sarpanitu/modules/packages/texlive/latest-uio/uio-texmf/texmf-dist/tex/gen
eric/pgf/systemlayer/pgfsyssoftpath.code.tex
File: pgfsyssoftpath.code.tex 2013/09/09  (rcs-revision 1.9)
\pgfsyssoftpath@smallbuffer@items=\count111
\pgfsyssoftpath@bigbuffer@items=\count112
)
(/mn/sarpanitu/modules/packages/texlive/latest-uio/uio-texmf/texmf-dist/tex/gen
eric/pgf/systemlayer/pgfsysprotocol.code.tex
File: pgfsysprotocol.code.tex 2006/10/16  (rcs-revision 1.4)
))
(/mn/sarpanitu/modules/packages/texlive/latest-uio/uio-texmf/texmf-dist/tex/lat
ex/xcolor/xcolor.sty
Package: xcolor 2016/05/11 v2.12 LaTeX color extensions (UK)

(/mn/sarpanitu/modules/packages/texlive/latest-uio/uio-texmf/texmf-dist/tex/lat
ex/graphics-cfg/color.cfg
File: color.cfg 2016/01/02 v1.6 sample color configuration
)
Package xcolor Info: Driver file: pdftex.def on input line 225.
Package xcolor Info: Model `cmy' substituted by `cmy0' on input line 1348.
Package xcolor Info: Model `hsb' substituted by `rgb' on input line 1352.
Package xcolor Info: Model `RGB' extended on input line 1364.
Package xcolor Info: Model `HTML' substituted by `rgb' on input line 1366.
Package xcolor Info: Model `Hsb' substituted by `hsb' on input line 1367.
Package xcolor Info: Model `tHsb' substituted by `hsb' on input line 1368.
Package xcolor Info: Model `HSB' substituted by `hsb' on input line 1369.
Package xcolor Info: Model `Gray' substituted by `gray' on input line 1370.
Package xcolor Info: Model `wave' substituted by `hsb' on input line 1371.
)
(/mn/sarpanitu/modules/packages/texlive/latest-uio/uio-texmf/texmf-dist/tex/gen
eric/pgf/basiclayer/pgfcore.code.tex
Package: pgfcore 2010/04/11 v3.0.1a (rcs-revision 1.7)

(/mn/sarpanitu/modules/packages/texlive/latest-uio/uio-texmf/texmf-dist/tex/gen
eric/pgf/math/pgfmath.code.tex
(/mn/sarpanitu/modules/packages/texlive/latest-uio/uio-texmf/texmf-dist/tex/gen
eric/pgf/math/pgfmathcalc.code.tex
(/mn/sarpanitu/modules/packages/texlive/latest-uio/uio-texmf/texmf-dist/tex/gen
eric/pgf/math/pgfmathutil.code.tex)
(/mn/sarpanitu/modules/packages/texlive/latest-uio/uio-texmf/texmf-dist/tex/gen
eric/pgf/math/pgfmathparser.code.tex
\pgfmath@dimen=\dimen139
\pgfmath@count=\count113
\pgfmath@box=\box35
\pgfmath@toks=\toks23
\pgfmath@stack@operand=\toks24
\pgfmath@stack@operation=\toks25
)
(/mn/sarpanitu/modules/packages/texlive/latest-uio/uio-texmf/texmf-dist/tex/gen
eric/pgf/math/pgfmathfunctions.code.tex
(/mn/sarpanitu/modules/packages/texlive/latest-uio/uio-texmf/texmf-dist/tex/gen
eric/pgf/math/pgfmathfunctions.basic.code.tex)
(/mn/sarpanitu/modules/packages/texlive/latest-uio/uio-texmf/texmf-dist/tex/gen
eric/pgf/math/pgfmathfunctions.trigonometric.code.tex)
(/mn/sarpanitu/modules/packages/texlive/latest-uio/uio-texmf/texmf-dist/tex/gen
eric/pgf/math/pgfmathfunctions.random.code.tex)
(/mn/sarpanitu/modules/packages/texlive/latest-uio/uio-texmf/texmf-dist/tex/gen
eric/pgf/math/pgfmathfunctions.comparison.code.tex)
(/mn/sarpanitu/modules/packages/texlive/latest-uio/uio-texmf/texmf-dist/tex/gen
eric/pgf/math/pgfmathfunctions.base.code.tex)
(/mn/sarpanitu/modules/packages/texlive/latest-uio/uio-texmf/texmf-dist/tex/gen
eric/pgf/math/pgfmathfunctions.round.code.tex)
(/mn/sarpanitu/modules/packages/texlive/latest-uio/uio-texmf/texmf-dist/tex/gen
eric/pgf/math/pgfmathfunctions.misc.code.tex)
(/mn/sarpanitu/modules/packages/texlive/latest-uio/uio-texmf/texmf-dist/tex/gen
eric/pgf/math/pgfmathfunctions.integerarithmetics.code.tex)))
(/mn/sarpanitu/modules/packages/texlive/latest-uio/uio-texmf/texmf-dist/tex/gen
eric/pgf/math/pgfmathfloat.code.tex
\c@pgfmathroundto@lastzeros=\count114
))
(/mn/sarpanitu/modules/packages/texlive/latest-uio/uio-texmf/texmf-dist/tex/gen
eric/pgf/basiclayer/pgfcorepoints.code.tex
File: pgfcorepoints.code.tex 2013/10/07  (rcs-revision 1.27)
\pgf@picminx=\dimen140
\pgf@picmaxx=\dimen141
\pgf@picminy=\dimen142
\pgf@picmaxy=\dimen143
\pgf@pathminx=\dimen144
\pgf@pathmaxx=\dimen145
\pgf@pathminy=\dimen146
\pgf@pathmaxy=\dimen147
\pgf@xx=\dimen148
\pgf@xy=\dimen149
\pgf@yx=\dimen150
\pgf@yy=\dimen151
\pgf@zx=\dimen152
\pgf@zy=\dimen153
)
(/mn/sarpanitu/modules/packages/texlive/latest-uio/uio-texmf/texmf-dist/tex/gen
eric/pgf/basiclayer/pgfcorepathconstruct.code.tex
File: pgfcorepathconstruct.code.tex 2013/10/07  (rcs-revision 1.29)
\pgf@path@lastx=\dimen154
\pgf@path@lasty=\dimen155
)
(/mn/sarpanitu/modules/packages/texlive/latest-uio/uio-texmf/texmf-dist/tex/gen
eric/pgf/basiclayer/pgfcorepathusage.code.tex
File: pgfcorepathusage.code.tex 2014/11/02  (rcs-revision 1.24)
\pgf@shorten@end@additional=\dimen156
\pgf@shorten@start@additional=\dimen157
)
(/mn/sarpanitu/modules/packages/texlive/latest-uio/uio-texmf/texmf-dist/tex/gen
eric/pgf/basiclayer/pgfcorescopes.code.tex
File: pgfcorescopes.code.tex 2015/05/08  (rcs-revision 1.46)
\pgfpic=\box36
\pgf@hbox=\box37
\pgf@layerbox@main=\box38
\pgf@picture@serial@count=\count115
)
(/mn/sarpanitu/modules/packages/texlive/latest-uio/uio-texmf/texmf-dist/tex/gen
eric/pgf/basiclayer/pgfcoregraphicstate.code.tex
File: pgfcoregraphicstate.code.tex 2014/11/02  (rcs-revision 1.12)
\pgflinewidth=\dimen158
)
(/mn/sarpanitu/modules/packages/texlive/latest-uio/uio-texmf/texmf-dist/tex/gen
eric/pgf/basiclayer/pgfcoretransformations.code.tex
File: pgfcoretransformations.code.tex 2015/08/07  (rcs-revision 1.20)
\pgf@pt@x=\dimen159
\pgf@pt@y=\dimen160
\pgf@pt@temp=\dimen161
)
(/mn/sarpanitu/modules/packages/texlive/latest-uio/uio-texmf/texmf-dist/tex/gen
eric/pgf/basiclayer/pgfcorequick.code.tex
File: pgfcorequick.code.tex 2008/10/09  (rcs-revision 1.3)
)
(/mn/sarpanitu/modules/packages/texlive/latest-uio/uio-texmf/texmf-dist/tex/gen
eric/pgf/basiclayer/pgfcoreobjects.code.tex
File: pgfcoreobjects.code.tex 2006/10/11  (rcs-revision 1.2)
)
(/mn/sarpanitu/modules/packages/texlive/latest-uio/uio-texmf/texmf-dist/tex/gen
eric/pgf/basiclayer/pgfcorepathprocessing.code.tex
File: pgfcorepathprocessing.code.tex 2013/09/09  (rcs-revision 1.9)
)
(/mn/sarpanitu/modules/packages/texlive/latest-uio/uio-texmf/texmf-dist/tex/gen
eric/pgf/basiclayer/pgfcorearrows.code.tex
File: pgfcorearrows.code.tex 2015/05/14  (rcs-revision 1.43)
\pgfarrowsep=\dimen162
)
(/mn/sarpanitu/modules/packages/texlive/latest-uio/uio-texmf/texmf-dist/tex/gen
eric/pgf/basiclayer/pgfcoreshade.code.tex
File: pgfcoreshade.code.tex 2013/07/15  (rcs-revision 1.15)
\pgf@max=\dimen163
\pgf@sys@shading@range@num=\count116
)
(/mn/sarpanitu/modules/packages/texlive/latest-uio/uio-texmf/texmf-dist/tex/gen
eric/pgf/basiclayer/pgfcoreimage.code.tex
File: pgfcoreimage.code.tex 2013/07/15  (rcs-revision 1.18)

(/mn/sarpanitu/modules/packages/texlive/latest-uio/uio-texmf/texmf-dist/tex/gen
eric/pgf/basiclayer/pgfcoreexternal.code.tex
File: pgfcoreexternal.code.tex 2014/07/09  (rcs-revision 1.21)
\pgfexternal@startupbox=\box39
))
(/mn/sarpanitu/modules/packages/texlive/latest-uio/uio-texmf/texmf-dist/tex/gen
eric/pgf/basiclayer/pgfcorelayers.code.tex
File: pgfcorelayers.code.tex 2013/07/18  (rcs-revision 1.7)
)
(/mn/sarpanitu/modules/packages/texlive/latest-uio/uio-texmf/texmf-dist/tex/gen
eric/pgf/basiclayer/pgfcoretransparency.code.tex
File: pgfcoretransparency.code.tex 2013/09/30  (rcs-revision 1.5)
)
(/mn/sarpanitu/modules/packages/texlive/latest-uio/uio-texmf/texmf-dist/tex/gen
eric/pgf/basiclayer/pgfcorepatterns.code.tex
File: pgfcorepatterns.code.tex 2013/11/07  (rcs-revision 1.5)
)))
(/mn/sarpanitu/modules/packages/texlive/latest-uio/uio-texmf/texmf-dist/tex/lat
ex/pgf/utilities/xxcolor.sty
Package: xxcolor 2003/10/24 ver 0.1
\XC@nummixins=\count117
\XC@countmixins=\count118
)
(/mn/sarpanitu/modules/packages/texlive/latest-uio/uio-texmf/texmf-dist/tex/gen
eric/oberdiek/atbegshi.sty
Package: atbegshi 2016/06/09 v1.18 At begin shipout hook (HO)
)
(/mn/sarpanitu/modules/packages/texlive/latest-uio/uio-texmf/texmf-dist/tex/lat
ex/hyperref/hyperref.sty
Package: hyperref 2016/06/24 v6.83q Hypertext links for LaTeX

(/mn/sarpanitu/modules/packages/texlive/latest-uio/uio-texmf/texmf-dist/tex/gen
eric/oberdiek/hobsub-hyperref.sty
Package: hobsub-hyperref 2016/05/16 v1.14 Bundle oberdiek, subset hyperref (HO)


(/mn/sarpanitu/modules/packages/texlive/latest-uio/uio-texmf/texmf-dist/tex/gen
eric/oberdiek/hobsub-generic.sty
Package: hobsub-generic 2016/05/16 v1.14 Bundle oberdiek, subset generic (HO)
Package: hobsub 2016/05/16 v1.14 Construct package bundles (HO)
Package hobsub Info: Skipping package `infwarerr' (already loaded).
Package hobsub Info: Skipping package `ltxcmds' (already loaded).
Package: ifluatex 2016/05/16 v1.4 Provides the ifluatex switch (HO)
Package ifluatex Info: LuaTeX not detected.
Package hobsub Info: Skipping package `ifvtex' (already loaded).
Package: intcalc 2016/05/16 v1.2 Expandable calculations with integers (HO)
Package hobsub Info: Skipping package `ifpdf' (already loaded).
Package: etexcmds 2016/05/16 v1.6 Avoid name clashes with e-TeX commands (HO)
Package etexcmds Info: Could not find \expanded.
(etexcmds)             That can mean that you are not using pdfTeX 1.50 or
(etexcmds)             that some package has redefined \expanded.
(etexcmds)             In the latter case, load this package earlier.
Package: kvsetkeys 2016/05/16 v1.17 Key value parser (HO)
Package: kvdefinekeys 2016/05/16 v1.4 Define keys (HO)
Package: pdftexcmds 2016/05/21 v0.22 Utility functions of pdfTeX for LuaTeX (HO
)
Package pdftexcmds Info: LuaTeX not detected.
Package pdftexcmds Info: \pdf@primitive is available.
Package pdftexcmds Info: \pdf@ifprimitive is available.
Package pdftexcmds Info: \pdfdraftmode found.
Package: pdfescape 2016/05/16 v1.14 Implements pdfTeX's escape features (HO)
Package: bigintcalc 2016/05/16 v1.4 Expandable calculations on big integers (HO
)
Package: bitset 2016/05/16 v1.2 Handle bit-vector datatype (HO)
Package: uniquecounter 2016/05/16 v1.3 Provide unlimited unique counter (HO)
)
Package hobsub Info: Skipping package `hobsub' (already loaded).
Package: letltxmacro 2016/05/16 v1.5 Let assignment for LaTeX macros (HO)
Package: hopatch 2016/05/16 v1.3 Wrapper for package hooks (HO)
Package: xcolor-patch 2016/05/16 xcolor patch
Package: atveryend 2016/05/16 v1.9 Hooks at the very end of document (HO)
Package hobsub Info: Skipping package `atbegshi' (already loaded).
Package: refcount 2016/05/16 v3.5 Data extraction from label references (HO)
Package: hycolor 2016/05/16 v1.8 Color options for hyperref/bookmark (HO)
)
(/mn/sarpanitu/modules/packages/texlive/latest-uio/uio-texmf/texmf-dist/tex/lat
ex/oberdiek/auxhook.sty
Package: auxhook 2016/05/16 v1.4 Hooks for auxiliary files (HO)
)
(/mn/sarpanitu/modules/packages/texlive/latest-uio/uio-texmf/texmf-dist/tex/lat
ex/oberdiek/kvoptions.sty
Package: kvoptions 2016/05/16 v3.12 Key value format for package options (HO)
)
\@linkdim=\dimen164
\Hy@linkcounter=\count119
\Hy@pagecounter=\count120

(/mn/sarpanitu/modules/packages/texlive/latest-uio/uio-texmf/texmf-dist/tex/lat
ex/hyperref/pd1enc.def
File: pd1enc.def 2016/06/24 v6.83q Hyperref: PDFDocEncoding definition (HO)
)
\Hy@SavedSpaceFactor=\count121

(/mn/sarpanitu/modules/packages/texlive/latest-uio/uio-texmf/texmf-dist/tex/lat
ex/latexconfig/hyperref.cfg
File: hyperref.cfg 2002/06/06 v1.2 hyperref configuration of TeXLive
)
Package hyperref Info: Option `bookmarks' set `true' on input line 4362.
Package hyperref Info: Option `bookmarksopen' set `true' on input line 4362.
Package hyperref Info: Option `implicit' set `false' on input line 4362.
Package hyperref Info: Hyper figures OFF on input line 4486.
Package hyperref Info: Link nesting OFF on input line 4491.
Package hyperref Info: Hyper index ON on input line 4494.
Package hyperref Info: Plain pages OFF on input line 4501.
Package hyperref Info: Backreferencing OFF on input line 4506.
Package hyperref Info: Implicit mode OFF; no redefinition of LaTeX internals.
Package hyperref Info: Bookmarks ON on input line 4735.
\c@Hy@tempcnt=\count122

(/mn/sarpanitu/modules/packages/texlive/latest-uio/uio-texmf/texmf-dist/tex/lat
ex/url/url.sty
\Urlmuskip=\muskip10
Package: url 2013/09/16  ver 3.4  Verb mode for urls, etc.
)
LaTeX Info: Redefining \url on input line 5088.
\XeTeXLinkMargin=\dimen165
\Fld@menulength=\count123
\Field@Width=\dimen166
\Fld@charsize=\dimen167
Package hyperref Info: Hyper figures OFF on input line 6342.
Package hyperref Info: Link nesting OFF on input line 6347.
Package hyperref Info: Hyper index ON on input line 6350.
Package hyperref Info: backreferencing OFF on input line 6357.
Package hyperref Info: Link coloring OFF on input line 6362.
Package hyperref Info: Link coloring with OCG OFF on input line 6367.
Package hyperref Info: PDF/A mode OFF on input line 6372.
LaTeX Info: Redefining \ref on input line 6412.
LaTeX Info: Redefining \pageref on input line 6416.
\Hy@abspage=\count124


Package hyperref Message: Stopped early.

)

Package hyperref Message: Driver (autodetected): hpdftex.


(/mn/sarpanitu/modules/packages/texlive/latest-uio/uio-texmf/texmf-dist/tex/lat
ex/hyperref/hpdftex.def
File: hpdftex.def 2016/06/24 v6.83q Hyperref driver for pdfTeX
\Fld@listcount=\count125
\c@bookmark@seq@number=\count126

(/mn/sarpanitu/modules/packages/texlive/latest-uio/uio-texmf/texmf-dist/tex/lat
ex/oberdiek/rerunfilecheck.sty
Package: rerunfilecheck 2016/05/16 v1.8 Rerun checks for auxiliary files (HO)
Package uniquecounter Info: New unique counter `rerunfilecheck' on input line 2
82.
))
(/mn/sarpanitu/modules/packages/texlive/latest-uio/uio-texmf/texmf-dist/tex/lat
ex/beamer/beamerbaserequires.sty
(/mn/sarpanitu/modules/packages/texlive/latest-uio/uio-texmf/texmf-dist/tex/lat
ex/beamer/beamerbasecompatibility.sty)
(/mn/sarpanitu/modules/packages/texlive/latest-uio/uio-texmf/texmf-dist/tex/lat
ex/beamer/beamerbasefont.sty
(/mn/sarpanitu/modules/packages/texlive/latest-uio/uio-texmf/texmf-dist/tex/lat
ex/amsfonts/amssymb.sty
Package: amssymb 2013/01/14 v3.01 AMS font symbols

(/mn/sarpanitu/modules/packages/texlive/latest-uio/uio-texmf/texmf-dist/tex/lat
ex/amsfonts/amsfonts.sty
Package: amsfonts 2013/01/14 v3.01 Basic AMSFonts support
\@emptytoks=\toks26
\symAMSa=\mathgroup4
\symAMSb=\mathgroup5
LaTeX Font Info:    Overwriting math alphabet `\mathfrak' in version `bold'
(Font)                  U/euf/m/n --> U/euf/b/n on input line 106.
)))
(/mn/sarpanitu/modules/packages/texlive/latest-uio/uio-texmf/texmf-dist/tex/lat
ex/beamer/beamerbasetranslator.sty
(/mn/sarpanitu/modules/packages/texlive/latest-uio/uio-texmf/texmf-dist/tex/lat
ex/beamer/translator/translator.sty
Package: translator 2010/06/12 ver 1.10

(/mn/sarpanitu/modules/packages/texlive/latest-uio/uio-texmf/texmf-dist/tex/lat
ex/beamer/translator/translator-language-mappings.tex)))
(/mn/sarpanitu/modules/packages/texlive/latest-uio/uio-texmf/texmf-dist/tex/lat
ex/beamer/beamerbasemisc.sty)
(/mn/sarpanitu/modules/packages/texlive/latest-uio/uio-texmf/texmf-dist/tex/lat
ex/beamer/beamerbasetwoscreens.sty)
(/mn/sarpanitu/modules/packages/texlive/latest-uio/uio-texmf/texmf-dist/tex/lat
ex/beamer/beamerbaseoverlay.sty
\beamer@argscount=\count127
\beamer@lastskipcover=\skip44
\beamer@trivlistdepth=\count128
)
(/mn/sarpanitu/modules/packages/texlive/latest-uio/uio-texmf/texmf-dist/tex/lat
ex/beamer/beamerbasetitle.sty)
(/mn/sarpanitu/modules/packages/texlive/latest-uio/uio-texmf/texmf-dist/tex/lat
ex/beamer/beamerbasesection.sty
\c@lecture=\count129
\c@part=\count130
\c@section=\count131
\c@subsection=\count132
\c@subsubsection=\count133
)
(/mn/sarpanitu/modules/packages/texlive/latest-uio/uio-texmf/texmf-dist/tex/lat
ex/beamer/beamerbaseframe.sty
\beamer@framebox=\box40
\beamer@frametitlebox=\box41
\beamer@zoombox=\box42
\beamer@zoomcount=\count134
\beamer@zoomframecount=\count135
\beamer@frametextheight=\dimen168
\c@subsectionslide=\count136
\beamer@frametopskip=\skip45
\beamer@framebottomskip=\skip46
\beamer@frametopskipautobreak=\skip47
\beamer@framebottomskipautobreak=\skip48
\beamer@envbody=\toks27
\framewidth=\dimen169
\c@framenumber=\count137
)
(/mn/sarpanitu/modules/packages/texlive/latest-uio/uio-texmf/texmf-dist/tex/lat
ex/beamer/beamerbaseverbatim.sty
\beamer@verbatimfileout=\write4
)
(/mn/sarpanitu/modules/packages/texlive/latest-uio/uio-texmf/texmf-dist/tex/lat
ex/beamer/beamerbaseframesize.sty
\beamer@splitbox=\box43
\beamer@autobreakcount=\count138
\beamer@autobreaklastheight=\dimen170
\beamer@frametitletoks=\toks28
\beamer@framesubtitletoks=\toks29
)
(/mn/sarpanitu/modules/packages/texlive/latest-uio/uio-texmf/texmf-dist/tex/lat
ex/beamer/beamerbaseframecomponents.sty
\beamer@footins=\box44
)
(/mn/sarpanitu/modules/packages/texlive/latest-uio/uio-texmf/texmf-dist/tex/lat
ex/beamer/beamerbasecolor.sty)
(/mn/sarpanitu/modules/packages/texlive/latest-uio/uio-texmf/texmf-dist/tex/lat
ex/beamer/beamerbasenotes.sty
\beamer@frameboxcopy=\box45
)
(/mn/sarpanitu/modules/packages/texlive/latest-uio/uio-texmf/texmf-dist/tex/lat
ex/beamer/beamerbasetoc.sty)
(/mn/sarpanitu/modules/packages/texlive/latest-uio/uio-texmf/texmf-dist/tex/lat
ex/beamer/beamerbasetemplates.sty
\beamer@sbttoks=\toks30

(/mn/sarpanitu/modules/packages/texlive/latest-uio/uio-texmf/texmf-dist/tex/lat
ex/beamer/beamerbaseauxtemplates.sty
(/mn/sarpanitu/modules/packages/texlive/latest-uio/uio-texmf/texmf-dist/tex/lat
ex/beamer/beamerbaseboxes.sty
\bmb@box=\box46
\bmb@colorbox=\box47
\bmb@boxshadow=\box48
\bmb@boxshadowball=\box49
\bmb@boxshadowballlarge=\box50
\bmb@temp=\dimen171
\bmb@dima=\dimen172
\bmb@dimb=\dimen173
\bmb@prevheight=\dimen174
)
\beamer@blockheadheight=\dimen175
))
(/mn/sarpanitu/modules/packages/texlive/latest-uio/uio-texmf/texmf-dist/tex/lat
ex/beamer/beamerbaselocalstructure.sty
(/mn/sarpanitu/modules/packages/texlive/latest-uio/uio-texmf/texmf-dist/tex/lat
ex/tools/enumerate.sty
Package: enumerate 2015/07/23 v3.00 enumerate extensions (DPC)
\@enLab=\toks31
)
\c@figure=\count139
\c@table=\count140
\abovecaptionskip=\skip49
\belowcaptionskip=\skip50
)
(/mn/sarpanitu/modules/packages/texlive/latest-uio/uio-texmf/texmf-dist/tex/lat
ex/beamer/beamerbasenavigation.sty
\beamer@section@min@dim=\dimen176
)
(/mn/sarpanitu/modules/packages/texlive/latest-uio/uio-texmf/texmf-dist/tex/lat
ex/beamer/beamerbasetheorems.sty
(/mn/sarpanitu/modules/packages/texlive/latest-uio/uio-texmf/texmf-dist/tex/lat
ex/amsmath/amsmath.sty
Package: amsmath 2016/06/28 v2.15d AMS math features
\@mathmargin=\skip51

For additional information on amsmath, use the `?' option.

(/mn/sarpanitu/modules/packages/texlive/latest-uio/uio-texmf/texmf-dist/tex/lat
ex/amsmath/amstext.sty
Package: amstext 2000/06/29 v2.01 AMS text

(/mn/sarpanitu/modules/packages/texlive/latest-uio/uio-texmf/texmf-dist/tex/lat
ex/amsmath/amsgen.sty
File: amsgen.sty 1999/11/30 v2.0 generic functions
\@emptytoks=\toks32
\ex@=\dimen177
))
(/mn/sarpanitu/modules/packages/texlive/latest-uio/uio-texmf/texmf-dist/tex/lat
ex/amsmath/amsbsy.sty
Package: amsbsy 1999/11/29 v1.2d Bold Symbols
\pmbraise@=\dimen178
)
(/mn/sarpanitu/modules/packages/texlive/latest-uio/uio-texmf/texmf-dist/tex/lat
ex/amsmath/amsopn.sty
Package: amsopn 2016/03/08 v2.02 operator names
)
\inf@bad=\count141
LaTeX Info: Redefining \frac on input line 199.
\uproot@=\count142
\leftroot@=\count143
LaTeX Info: Redefining \overline on input line 297.
\classnum@=\count144
\DOTSCASE@=\count145
LaTeX Info: Redefining \ldots on input line 394.
LaTeX Info: Redefining \dots on input line 397.
LaTeX Info: Redefining \cdots on input line 518.
\Mathstrutbox@=\box51
\strutbox@=\box52
\big@size=\dimen179
LaTeX Font Info:    Redeclaring font encoding OML on input line 634.
LaTeX Font Info:    Redeclaring font encoding OMS on input line 635.
\macc@depth=\count146
\c@MaxMatrixCols=\count147
\dotsspace@=\muskip11
\c@parentequation=\count148
\dspbrk@lvl=\count149
\tag@help=\toks33
\row@=\count150
\column@=\count151
\maxfields@=\count152
\andhelp@=\toks34
\eqnshift@=\dimen180
\alignsep@=\dimen181
\tagshift@=\dimen182
\tagwidth@=\dimen183
\totwidth@=\dimen184
\lineht@=\dimen185
\@envbody=\toks35
\multlinegap=\skip52
\multlinetaggap=\skip53
\mathdisplay@stack=\toks36
LaTeX Info: Redefining \[ on input line 2739.
LaTeX Info: Redefining \] on input line 2740.
)
(/mn/sarpanitu/modules/packages/texlive/latest-uio/uio-texmf/texmf-dist/tex/lat
ex/amscls/amsthm.sty
Package: amsthm 2015/03/04 v2.20.2
\thm@style=\toks37
\thm@bodyfont=\toks38
\thm@headfont=\toks39
\thm@notefont=\toks40
\thm@headpunct=\toks41
\thm@preskip=\skip54
\thm@postskip=\skip55
\thm@headsep=\skip56
\dth@everypar=\toks42
)
\c@theorem=\count153
)
(/mn/sarpanitu/modules/packages/texlive/latest-uio/uio-texmf/texmf-dist/tex/lat
ex/beamer/beamerbasethemes.sty))
(/mn/sarpanitu/modules/packages/texlive/latest-uio/uio-texmf/texmf-dist/tex/lat
ex/beamer/themes/theme/beamerthemedefault.sty
(/mn/sarpanitu/modules/packages/texlive/latest-uio/uio-texmf/texmf-dist/tex/lat
ex/beamer/themes/font/beamerfontthemedefault.sty)
(/mn/sarpanitu/modules/packages/texlive/latest-uio/uio-texmf/texmf-dist/tex/lat
ex/beamer/themes/color/beamercolorthemedefault.sty)
(/mn/sarpanitu/modules/packages/texlive/latest-uio/uio-texmf/texmf-dist/tex/lat
ex/beamer/themes/inner/beamerinnerthemedefault.sty
\beamer@dima=\dimen186
\beamer@dimb=\dimen187
)
(/mn/sarpanitu/modules/packages/texlive/latest-uio/uio-texmf/texmf-dist/tex/lat
ex/beamer/themes/outer/beamerouterthemedefault.sty)))
(/mn/sarpanitu/modules/packages/texlive/latest-uio/uio-texmf/texmf-dist/tex/lat
ex/tools/verbatim.sty
Package: verbatim 2014/10/28 v1.5q LaTeX2e package for verbatim enhancements
\every@verbatim=\toks43
\verbatim@line=\toks44
\verbatim@in@stream=\read2
)
(/mn/sarpanitu/modules/packages/texlive/latest-uio/uio-texmf/texmf-dist/tex/lat
ex/natbib/natbib.sty
Package: natbib 2010/09/13 8.31b (PWD, AO)
\bibhang=\skip57
\bibsep=\skip58
LaTeX Info: Redefining \cite on input line 694.
\c@NAT@ctr=\count154
)
(/mn/sarpanitu/modules/packages/texlive/latest-uio/uio-texmf/texmf-dist/tex/gen
eric/babel/babel.sty
Package: babel 2016/04/23 3.9r The Babel package

(/mn/sarpanitu/modules/packages/texlive/latest-uio/uio-texmf/texmf-dist/tex/gen
eric/babel-english/english.ldf
Language: english 2012/08/20 v3.3p English support from the babel system

(/mn/sarpanitu/modules/packages/texlive/latest-uio/uio-texmf/texmf-dist/tex/gen
eric/babel/babel.def
File: babel.def 2016/04/23 3.9r Babel common definitions
\babel@savecnt=\count155
\U@D=\dimen188
LaTeX Info: Redefining \textlatin on input line 1448.
)
\l@canadian = a dialect from \language\l@american 
\l@australian = a dialect from \language\l@british 
\l@newzealand = a dialect from \language\l@british 
))
(/mn/sarpanitu/modules/packages/texlive/latest-uio/uio-texmf/texmf-dist/tex/gen
eric/mathabx/mathabx.sty
Package: mathabx 2003/07/29 v0.0 Non-standard LaTeX package mathabx
\symmatha=\mathgroup6
\symmathb=\mathgroup7
\symmathx=\mathgroup8

(/mn/sarpanitu/modules/packages/texlive/latest-uio/uio-texmf/texmf-dist/tex/gen
eric/mathabx/mathabx.dcl
LaTeX Font Info:    Redeclaring math symbol \cdotp on input line 25.
LaTeX Font Info:    Redeclaring math symbol \times on input line 33.
LaTeX Font Info:    Redeclaring math symbol \div on input line 34.
LaTeX Font Info:    Redeclaring math symbol \cdot on input line 35.
LaTeX Font Info:    Redeclaring math symbol \circ on input line 36.
LaTeX Font Info:    Redeclaring math symbol \ast on input line 38.
LaTeX Font Info:    Redeclaring math symbol \pm on input line 41.
LaTeX Font Info:    Redeclaring math symbol \mp on input line 42.
LaTeX Font Info:    Redeclaring math symbol \ltimes on input line 43.
LaTeX Font Info:    Redeclaring math symbol \rtimes on input line 44.
LaTeX Font Info:    Redeclaring math symbol \diamond on input line 45.
LaTeX Font Info:    Redeclaring math symbol \bullet on input line 46.
LaTeX Font Info:    Redeclaring math symbol \star on input line 47.
LaTeX Font Info:    Redeclaring math symbol \amalg on input line 51.
LaTeX Font Info:    Redeclaring math symbol \dotplus on input line 58.
LaTeX Font Info:    Redeclaring math symbol \square on input line 63.
LaTeX Font Info:    Redeclaring math symbol \divideontimes on input line 71.
LaTeX Font Info:    Redeclaring math symbol \bigstar on input line 75.
LaTeX Font Info:    Redeclaring math symbol \equiv on input line 83.
LaTeX Font Info:    Redeclaring math symbol \sim on input line 84.
LaTeX Font Info:    Redeclaring math symbol \approx on input line 85.
LaTeX Font Info:    Redeclaring math symbol \simeq on input line 86.
LaTeX Font Info:    Redeclaring math symbol \asymp on input line 89.
LaTeX Font Info:    Redeclaring math symbol \nsim on input line 97.
LaTeX Font Info:    Redeclaring math symbol \ncong on input line 100.
LaTeX Font Info:    Redeclaring math symbol \risingdotseq on input line 118.
LaTeX Font Info:    Redeclaring math symbol \fallingdotseq on input line 119.
LaTeX Font Info:    Redeclaring math symbol \circeq on input line 125.
LaTeX Font Info:    Redeclaring math symbol \eqcirc on input line 126.
LaTeX Font Info:    Redeclaring math symbol \triangleq on input line 127.
LaTeX Font Info:    Redeclaring math symbol \neg on input line 134.
LaTeX Font Info:    Redeclaring math symbol \ll on input line 136.
LaTeX Font Info:    Redeclaring math symbol \gg on input line 137.
LaTeX Font Info:    Redeclaring math symbol \vdash on input line 139.
LaTeX Font Info:    Redeclaring math symbol \dashv on input line 140.
LaTeX Font Info:    Redeclaring math symbol \nvdash on input line 141.
LaTeX Font Info:    Redeclaring math symbol \vDash on input line 143.
LaTeX Font Info:    Redeclaring math symbol \nvDash on input line 145.
LaTeX Font Info:    Redeclaring math symbol \Vdash on input line 147.
LaTeX Font Info:    Redeclaring math symbol \nVdash on input line 149.
LaTeX Font Info:    Redeclaring math symbol \flat on input line 158.
LaTeX Font Info:    Redeclaring math symbol \natural on input line 159.
LaTeX Font Info:    Redeclaring math symbol \sharp on input line 160.
LaTeX Font Info:    Redeclaring math symbol \infty on input line 161.
LaTeX Font Info:    Redeclaring math symbol \propto on input line 162.
LaTeX Font Info:    Redeclaring math symbol \dagger on input line 163.
LaTeX Font Info:    Redeclaring math symbol \ddagger on input line 164.
LaTeX Font Info:    Redeclaring math symbol \between on input line 170.
LaTeX Font Info:    Redeclaring math symbol \smile on input line 171.
LaTeX Font Info:    Redeclaring math symbol \frown on input line 172.
LaTeX Font Info:    Redeclaring math symbol \leftthreetimes on input line 174.
LaTeX Font Info:    Redeclaring math symbol \rightthreetimes on input line 175.

LaTeX Font Info:    Redeclaring math symbol \pitchfork on input line 176.
LaTeX Font Info:    Redeclaring math symbol \nVDash on input line 182.
LaTeX Font Info:    Redeclaring math symbol \Vvdash on input line 184.
LaTeX Font Info:    Redeclaring math symbol \therefore on input line 189.
LaTeX Font Info:    Redeclaring math symbol \because on input line 190.
LaTeX Font Info:    Redeclaring math symbol \measuredangle on input line 202.
LaTeX Font Info:    Redeclaring math symbol \sphericalangle on input line 203.
LaTeX Font Info:    Redeclaring math symbol \setminus on input line 218.
LaTeX Font Info:    Redeclaring math symbol \mid on input line 222.
LaTeX Font Info:    Redeclaring math symbol \forall on input line 279.
LaTeX Font Info:    Redeclaring math symbol \complement on input line 280.
LaTeX Font Info:    Redeclaring math symbol \partial on input line 281.
LaTeX Font Info:    Redeclaring math symbol \exists on input line 284.
LaTeX Font Info:    Redeclaring math symbol \nexists on input line 285.
LaTeX Font Info:    Redeclaring math symbol \Finv on input line 286.
LaTeX Font Info:    Redeclaring math symbol \Game on input line 287.
LaTeX Font Info:    Redeclaring math symbol \emptyset on input line 288.
LaTeX Font Info:    Redeclaring math symbol \top on input line 290.
LaTeX Font Info:    Redeclaring math symbol \bot on input line 291.
LaTeX Font Info:    Redeclaring math symbol \perp on input line 292.
LaTeX Font Info:    Redeclaring math symbol \curlywedge on input line 296.
LaTeX Font Info:    Redeclaring math symbol \curlyvee on input line 297.
LaTeX Font Info:    Redeclaring math symbol \in on input line 299.
LaTeX Font Info:    Redeclaring math symbol \owns on input line 300.
LaTeX Font Info:    Redeclaring math symbol \cap on input line 312.
LaTeX Font Info:    Redeclaring math symbol \cup on input line 313.
LaTeX Font Info:    Redeclaring math symbol \uplus on input line 314.
LaTeX Font Info:    Redeclaring math symbol \sqcap on input line 315.
LaTeX Font Info:    Redeclaring math symbol \sqcup on input line 316.
LaTeX Font Info:    Redeclaring math symbol \wedge on input line 318.
LaTeX Font Info:    Redeclaring math symbol \vee on input line 320.
LaTeX Font Info:    Redeclaring math symbol \barwedge on input line 327.
LaTeX Font Info:    Redeclaring math symbol \veebar on input line 328.
LaTeX Font Info:    Redeclaring math symbol \doublebarwedge on input line 329.
LaTeX Font Info:    Redeclaring math symbol \doublecap on input line 331.
LaTeX Font Info:    Redeclaring math symbol \doublecup on input line 333.
LaTeX Font Info:    Redeclaring math symbol \subset on input line 344.
LaTeX Font Info:    Redeclaring math symbol \supset on input line 345.
LaTeX Font Info:    Redeclaring math symbol \subseteq on input line 348.
LaTeX Font Info:    Redeclaring math symbol \supseteq on input line 349.
LaTeX Font Info:    Redeclaring math symbol \nsubseteq on input line 350.
LaTeX Font Info:    Redeclaring math symbol \nsupseteq on input line 351.
LaTeX Font Info:    Redeclaring math symbol \subsetneq on input line 352.
LaTeX Font Info:    Redeclaring math symbol \supsetneq on input line 353.
LaTeX Font Info:    Redeclaring math symbol \varsubsetneq on input line 354.
LaTeX Font Info:    Redeclaring math symbol \varsupsetneq on input line 355.
LaTeX Font Info:    Redeclaring math symbol \subseteqq on input line 357.
LaTeX Font Info:    Redeclaring math symbol \supseteqq on input line 358.
LaTeX Font Info:    Redeclaring math symbol \nsubseteqq on input line 359.
LaTeX Font Info:    Redeclaring math symbol \nsupseteqq on input line 360.
LaTeX Font Info:    Redeclaring math symbol \subsetneqq on input line 361.
LaTeX Font Info:    Redeclaring math symbol \supsetneqq on input line 362.
LaTeX Font Info:    Redeclaring math symbol \varsubsetneqq on input line 363.
LaTeX Font Info:    Redeclaring math symbol \varsupsetneqq on input line 364.
LaTeX Font Info:    Redeclaring math symbol \Subset on input line 366.
LaTeX Font Info:    Redeclaring math symbol \Supset on input line 367.
LaTeX Font Info:    Redeclaring math symbol \sqsubseteq on input line 380.
LaTeX Font Info:    Redeclaring math symbol \sqsupseteq on input line 381.
LaTeX Font Info:    Redeclaring math symbol \triangleleft on input line 407.
LaTeX Font Info:    Redeclaring math symbol \vartriangleleft on input line 408.

LaTeX Font Info:    Redeclaring math symbol \triangleright on input line 409.
LaTeX Font Info:    Redeclaring math symbol \vartriangleright on input line 410
.
LaTeX Font Info:    Redeclaring math symbol \ntriangleleft on input line 411.
LaTeX Font Info:    Redeclaring math symbol \ntriangleright on input line 412.
LaTeX Font Info:    Redeclaring math symbol \trianglelefteq on input line 413.
LaTeX Font Info:    Redeclaring math symbol \trianglerighteq on input line 414.

LaTeX Font Info:    Redeclaring math symbol \ntrianglelefteq on input line 415.

LaTeX Font Info:    Redeclaring math symbol \ntrianglerighteq on input line 416
.
LaTeX Font Info:    Redeclaring math symbol \blacktriangledown on input line 42
7.
LaTeX Font Info:    Redeclaring math symbol \blacktriangleleft on input line 42
8.
LaTeX Font Info:    Redeclaring math symbol \blacktriangleright on input line 4
29.
LaTeX Font Info:    Redeclaring math symbol \nless on input line 437.
LaTeX Font Info:    Redeclaring math symbol \ngtr on input line 438.
LaTeX Font Info:    Redeclaring math symbol \leq on input line 439.
LaTeX Font Info:    Redeclaring math symbol \geq on input line 441.
LaTeX Font Info:    Redeclaring math symbol \nleq on input line 443.
LaTeX Font Info:    Redeclaring math symbol \ngeq on input line 445.
LaTeX Font Info:    Redeclaring math symbol \lneq on input line 451.
LaTeX Font Info:    Redeclaring math symbol \gneq on input line 452.
LaTeX Font Info:    Redeclaring math symbol \leqq on input line 453.
LaTeX Font Info:    Redeclaring math symbol \geqq on input line 454.
LaTeX Font Info:    Redeclaring math symbol \nleqq on input line 455.
LaTeX Font Info:    Redeclaring math symbol \ngeqq on input line 456.
LaTeX Font Info:    Redeclaring math symbol \lneqq on input line 457.
LaTeX Font Info:    Redeclaring math symbol \gneqq on input line 458.
LaTeX Font Info:    Redeclaring math symbol \lvertneqq on input line 459.
LaTeX Font Info:    Redeclaring math symbol \gvertneqq on input line 460.
LaTeX Font Info:    Redeclaring math symbol \eqslantless on input line 461.
LaTeX Font Info:    Redeclaring math symbol \eqslantgtr on input line 462.
LaTeX Font Info:    Redeclaring math symbol \lessgtr on input line 465.
LaTeX Font Info:    Redeclaring math symbol \gtrless on input line 466.
LaTeX Font Info:    Redeclaring math symbol \lesseqgtr on input line 467.
LaTeX Font Info:    Redeclaring math symbol \gtreqless on input line 468.
LaTeX Font Info:    Redeclaring math symbol \lesseqqgtr on input line 469.
LaTeX Font Info:    Redeclaring math symbol \gtreqqless on input line 470.
LaTeX Font Info:    Redeclaring math symbol \lesssim on input line 472.
LaTeX Font Info:    Redeclaring math symbol \gtrsim on input line 473.
LaTeX Font Info:    Redeclaring math symbol \lnsim on input line 476.
LaTeX Font Info:    Redeclaring math symbol \gnsim on input line 477.
LaTeX Font Info:    Redeclaring math symbol \lessapprox on input line 478.
LaTeX Font Info:    Redeclaring math symbol \gtrapprox on input line 479.
LaTeX Font Info:    Redeclaring math symbol \lnapprox on input line 482.
LaTeX Font Info:    Redeclaring math symbol \gnapprox on input line 483.
LaTeX Font Info:    Redeclaring math symbol \lessdot on input line 485.
LaTeX Font Info:    Redeclaring math symbol \gtrdot on input line 486.
LaTeX Font Info:    Redeclaring math symbol \lll on input line 488.
LaTeX Font Info:    Redeclaring math symbol \ggg on input line 489.
LaTeX Font Info:    Redeclaring math symbol \prec on input line 498.
LaTeX Font Info:    Redeclaring math symbol \succ on input line 499.
LaTeX Font Info:    Redeclaring math symbol \nprec on input line 500.
LaTeX Font Info:    Redeclaring math symbol \nsucc on input line 501.
LaTeX Font Info:    Redeclaring math symbol \preccurlyeq on input line 502.
LaTeX Font Info:    Redeclaring math symbol \succcurlyeq on input line 503.
LaTeX Font Info:    Redeclaring math symbol \preceq on input line 506.
LaTeX Font Info:    Redeclaring math symbol \succeq on input line 507.
LaTeX Font Info:    Redeclaring math symbol \npreceq on input line 508.
LaTeX Font Info:    Redeclaring math symbol \nsucceq on input line 509.
LaTeX Font Info:    Redeclaring math symbol \curlyeqprec on input line 512.
LaTeX Font Info:    Redeclaring math symbol \curlyeqsucc on input line 513.
LaTeX Font Info:    Redeclaring math symbol \precsim on input line 517.
LaTeX Font Info:    Redeclaring math symbol \succsim on input line 518.
LaTeX Font Info:    Redeclaring math symbol \precnsim on input line 521.
LaTeX Font Info:    Redeclaring math symbol \succnsim on input line 522.
LaTeX Font Info:    Redeclaring math symbol \precapprox on input line 523.
LaTeX Font Info:    Redeclaring math symbol \succapprox on input line 524.
LaTeX Font Info:    Redeclaring math symbol \precnapprox on input line 527.
LaTeX Font Info:    Redeclaring math symbol \succnapprox on input line 528.
LaTeX Font Info:    Redeclaring math symbol \leftarrow on input line 540.
LaTeX Font Info:    Redeclaring math symbol \rightarrow on input line 542.
LaTeX Font Info:    Redeclaring math symbol \nwarrow on input line 546.
LaTeX Font Info:    Redeclaring math symbol \nearrow on input line 547.
LaTeX Font Info:    Redeclaring math symbol \swarrow on input line 548.
LaTeX Font Info:    Redeclaring math symbol \searrow on input line 549.
LaTeX Font Info:    Redeclaring math symbol \leftrightarrow on input line 550.
LaTeX Font Info:    Redeclaring math symbol \nleftarrow on input line 552.
LaTeX Font Info:    Redeclaring math symbol \nrightarrow on input line 553.
LaTeX Font Info:    Redeclaring math symbol \nleftrightarrow on input line 554.

LaTeX Font Info:    Redeclaring math symbol \mapstochar on input line 557.
LaTeX Font Info:    Redeclaring math symbol \leftharpoonup on input line 560.
LaTeX Font Info:    Redeclaring math symbol \rightharpoonup on input line 561.
LaTeX Font Info:    Redeclaring math symbol \leftharpoondown on input line 562.

LaTeX Font Info:    Redeclaring math symbol \rightharpoondown on input line 563
.
LaTeX Font Info:    Redeclaring math symbol \upharpoonleft on input line 564.
LaTeX Font Info:    Redeclaring math symbol \downharpoonleft on input line 565.

LaTeX Font Info:    Redeclaring math symbol \upharpoonright on input line 566.
LaTeX Font Info:    Redeclaring math symbol \restriction on input line 567.
LaTeX Font Info:    Redeclaring math symbol \downharpoonright on input line 568
.
LaTeX Font Info:    Redeclaring math symbol \leftrightharpoons on input line 56
9.
LaTeX Font Info:    Redeclaring math symbol \Leftarrow on input line 575.
LaTeX Font Info:    Redeclaring math symbol \Rightarrow on input line 576.
LaTeX Font Info:    Redeclaring math symbol \Leftrightarrow on input line 579.
LaTeX Font Info:    Redeclaring math symbol \nLeftarrow on input line 581.
LaTeX Font Info:    Redeclaring math symbol \nRightarrow on input line 582.
LaTeX Font Info:    Redeclaring math symbol \nLeftrightarrow on input line 583.

LaTeX Font Info:    Redeclaring math symbol \leftleftarrows on input line 593.
LaTeX Font Info:    Redeclaring math symbol \rightrightarrows on input line 594
.
LaTeX Font Info:    Redeclaring math symbol \upuparrows on input line 595.
LaTeX Font Info:    Redeclaring math symbol \downdownarrows on input line 596.
LaTeX Font Info:    Redeclaring math symbol \leftrightarrows on input line 597.

LaTeX Font Info:    Redeclaring math symbol \rightleftarrows on input line 598.

LaTeX Font Info:    Redeclaring math symbol \rhook on input line 612.
LaTeX Font Info:    Redeclaring math symbol \lhook on input line 613.
LaTeX Font Info:    Redeclaring math symbol \diagup on input line 614.
LaTeX Font Info:    Redeclaring math symbol \diagdown on input line 615.
LaTeX Font Info:    Redeclaring math symbol \Lsh on input line 617.
LaTeX Font Info:    Redeclaring math symbol \Rsh on input line 619.
LaTeX Font Info:    Redeclaring math symbol \looparrowleft on input line 624.
LaTeX Font Info:    Redeclaring math symbol \looparrowright on input line 626.
LaTeX Font Info:    Redeclaring math symbol \curvearrowleft on input line 631.
LaTeX Font Info:    Redeclaring math symbol \curvearrowright on input line 633.

LaTeX Font Info:    Redeclaring math symbol \circlearrowleft on input line 641.

LaTeX Font Info:    Redeclaring math symbol \circlearrowright on input line 642
.
LaTeX Font Info:    Redeclaring math symbol \rightsquigarrow on input line 645.

LaTeX Font Info:    Redeclaring math symbol \leftrightsquigarrow on input line 
646.
LaTeX Font Info:    Redeclaring math symbol \oplus on input line 658.
LaTeX Font Info:    Redeclaring math symbol \ominus on input line 659.
LaTeX Font Info:    Redeclaring math symbol \otimes on input line 661.
LaTeX Font Info:    Redeclaring math symbol \odot on input line 663.
LaTeX Font Info:    Redeclaring math symbol \oslash on input line 675.
LaTeX Font Info:    Redeclaring math symbol \boxplus on input line 683.
LaTeX Font Info:    Redeclaring math symbol \boxminus on input line 684.
LaTeX Font Info:    Redeclaring math symbol \boxtimes on input line 686.
LaTeX Font Info:    Redeclaring math symbol \boxdot on input line 688.
\mayacnter=\count156
\mayacnta=\count157
\mayacntb=\count158
\mayacntc=\count159
\mayawidth=\dimen189
LaTeX Font Info:    Redeclaring math symbol \intop on input line 753.
LaTeX Font Info:    Redeclaring math symbol \ointop on input line 760.
LaTeX Font Info:    Redeclaring math delimiter \lbrace on input line 842.
LaTeX Info: Redefining \{ on input line 846.
LaTeX Font Info:    Redeclaring math delimiter \rbrace on input line 848.
LaTeX Info: Redefining \} on input line 852.
LaTeX Font Info:    Redeclaring math delimiter \langle on input line 858.
LaTeX Font Info:    Redeclaring math delimiter \rangle on input line 859.
LaTeX Font Info:    Redeclaring math delimiter \vert on input line 863.
LaTeX Font Info:    Redeclaring math delimiter \Vert on input line 865.
LaTeX Font Info:    Redeclaring math delimiter \uparrow on input line 868.
LaTeX Font Info:    Redeclaring math delimiter \downarrow on input line 869.
LaTeX Font Info:    Redeclaring math delimiter \updownarrow on input line 870.
LaTeX Font Info:    Redeclaring math delimiter \Uparrow on input line 871.
LaTeX Font Info:    Redeclaring math delimiter \Downarrow on input line 872.
LaTeX Font Info:    Redeclaring math delimiter \Updownarrow on input line 873.
LaTeX Font Info:    Redeclaring math delimiter \lgroup on input line 880.
LaTeX Font Info:    Redeclaring math delimiter \rgroup on input line 881.
LaTeX Font Info:    Redeclaring math delimiter \lceil on input line 882.
LaTeX Font Info:    Redeclaring math delimiter \rceil on input line 883.
LaTeX Font Info:    Redeclaring math delimiter \lfloor on input line 884.
LaTeX Font Info:    Redeclaring math delimiter \rfloor on input line 885.
LaTeX Font Info:    Redeclaring math symbol \braceld on input line 903.
LaTeX Font Info:    Redeclaring math symbol \bracerd on input line 905.
LaTeX Font Info:    Redeclaring math symbol \bracelu on input line 907.
LaTeX Font Info:    Redeclaring math symbol \braceru on input line 909.
LaTeX Font Info:    Redeclaring math accent \widehat on input line 944.
LaTeX Font Info:    Redeclaring math accent \widetilde on input line 946.
))
(/mn/sarpanitu/modules/packages/texlive/latest-uio/uio-texmf/texmf-dist/tex/lat
ex/doublestroke/dsfont.sty
Package: dsfont 1995/08/01 v0.1 Double stroke roman fonts
)
(/mn/sarpanitu/modules/packages/texlive/latest-uio/uio-texmf/texmf-dist/tex/lat
ex/beamer/themes/theme/beamerthemeboxes.sty
\beamer@boxheadheight=\dimen190
\beamer@boxfootheight=\dimen191
\beamer@headboxes=\count160
\beamer@headboxsizes=\dimen192
\beamer@currentbox=\count161
\beamer@footboxes=\count162
\beamer@footboxsizes=\dimen193
) (./lecture_1.aux)
\openout1 = `lecture_1.aux'.

LaTeX Font Info:    Checking defaults for OML/cmm/m/it on input line 59.
LaTeX Font Info:    ... okay on input line 59.
LaTeX Font Info:    Checking defaults for T1/cmr/m/n on input line 59.
LaTeX Font Info:    ... okay on input line 59.
LaTeX Font Info:    Checking defaults for OT1/cmr/m/n on input line 59.
LaTeX Font Info:    ... okay on input line 59.
LaTeX Font Info:    Checking defaults for OMS/cmsy/m/n on input line 59.
LaTeX Font Info:    ... okay on input line 59.
LaTeX Font Info:    Checking defaults for OMX/cmex/m/n on input line 59.
LaTeX Font Info:    ... okay on input line 59.
LaTeX Font Info:    Checking defaults for U/mathx/m/n on input line 59.
LaTeX Font Info:    ... okay on input line 59.
LaTeX Font Info:    Checking defaults for PD1/pdf/m/n on input line 59.
LaTeX Font Info:    ... okay on input line 59.

*geometry* driver: auto-detecting
*geometry* detected driver: pdftex
*geometry* verbose mode - [ preamble ] result:
* driver: pdftex
* paper: custom
* layout: <same size as paper>
* layoutoffset:(h,v)=(0.0pt,0.0pt)
* modes: includehead includefoot 
* h-part:(L,W,R)=(28.45274pt, 307.28987pt, 28.45274pt)
* v-part:(T,H,B)=(0.0pt, 273.14662pt, 0.0pt)
* \paperwidth=364.19536pt
* \paperheight=273.14662pt
* \textwidth=307.28987pt
* \textheight=244.6939pt
* \oddsidemargin=-43.81725pt
* \evensidemargin=-43.81725pt
* \topmargin=-72.26999pt
* \headheight=14.22636pt
* \headsep=0.0pt
* \topskip=11.0pt
* \footskip=14.22636pt
* \marginparwidth=4.0pt
* \marginparsep=10.0pt
* \columnsep=10.0pt
* \skip\footins=10.0pt plus 4.0pt minus 2.0pt
* \hoffset=0.0pt
* \voffset=0.0pt
* \mag=1000
* \@twocolumnfalse
* \@twosidefalse
* \@mparswitchfalse
* \@reversemarginfalse
* (1in=72.27pt=25.4mm, 1cm=28.453pt)


(/mn/sarpanitu/modules/packages/texlive/latest-uio/uio-texmf/texmf-dist/tex/con
text/base/mkii/supp-pdf.mkii
[Loading MPS to PDF converter (version 2006.09.02).]
\scratchcounter=\count163
\scratchdimen=\dimen194
\scratchbox=\box53
\nofMPsegments=\count164
\nofMParguments=\count165
\everyMPshowfont=\toks45
\MPscratchCnt=\count166
\MPscratchDim=\dimen195
\MPnumerator=\count167
\makeMPintoPDFobject=\count168
\everyMPtoPDFconversion=\toks46
)
(/mn/sarpanitu/modules/packages/texlive/latest-uio/uio-texmf/texmf-dist/tex/lat
ex/oberdiek/epstopdf-base.sty
Package: epstopdf-base 2016/05/15 v2.6 Base part for package epstopdf

(/mn/sarpanitu/modules/packages/texlive/latest-uio/uio-texmf/texmf-dist/tex/lat
ex/oberdiek/grfext.sty
Package: grfext 2016/05/16 v1.2 Manage graphics extensions (HO)
)
Package epstopdf-base Info: Redefining graphics rule for `.eps' on input line 4
38.
Package grfext Info: Graphics extension search list:
(grfext)             [.png,.pdf,.jpg,.mps,.jpeg,.jbig2,.jb2,.PNG,.PDF,.JPG,.JPE
G,.JBIG2,.JB2,.eps]
(grfext)             \AppendGraphicsExtensions on input line 456.

(/mn/sarpanitu/modules/packages/texlive/latest-uio/uio-texmf/texmf-dist/tex/lat
ex/latexconfig/epstopdf-sys.cfg
File: epstopdf-sys.cfg 2010/07/13 v1.3 Configuration of (r)epstopdf for TeX Liv
e
)) ABD: EveryShipout initializing macros
\AtBeginShipoutBox=\box54
Package hyperref Info: Link coloring OFF on input line 59.

(/mn/sarpanitu/modules/packages/texlive/latest-uio/uio-texmf/texmf-dist/tex/lat
ex/hyperref/nameref.sty
Package: nameref 2016/05/21 v2.44 Cross-referencing by name of section

(/mn/sarpanitu/modules/packages/texlive/latest-uio/uio-texmf/texmf-dist/tex/gen
eric/oberdiek/gettitlestring.sty
Package: gettitlestring 2016/05/16 v1.5 Cleanup title references (HO)
)
\c@section@level=\count169
)
LaTeX Info: Redefining \ref on input line 59.
LaTeX Info: Redefining \pageref on input line 59.
LaTeX Info: Redefining \nameref on input line 59.
 (./lecture_1.out) (./lecture_1.out)
\@outlinefile=\write5
\openout5 = `lecture_1.out'.


(/mn/sarpanitu/modules/packages/texlive/latest-uio/uio-texmf/texmf-dist/tex/lat
ex/beamer/translator/dicts/translator-basic-dictionary/translator-basic-diction
ary-English.dict
Dictionary: translator-basic-dictionary, Language: English 
)
(/mn/sarpanitu/modules/packages/texlive/latest-uio/uio-texmf/texmf-dist/tex/lat
ex/beamer/translator/dicts/translator-bibliography-dictionary/translator-biblio
graphy-dictionary-English.dict
Dictionary: translator-bibliography-dictionary, Language: English 
)
(/mn/sarpanitu/modules/packages/texlive/latest-uio/uio-texmf/texmf-dist/tex/lat
ex/beamer/translator/dicts/translator-environment-dictionary/translator-environ
ment-dictionary-English.dict
Dictionary: translator-environment-dictionary, Language: English 
)
(/mn/sarpanitu/modules/packages/texlive/latest-uio/uio-texmf/texmf-dist/tex/lat
ex/beamer/translator/dicts/translator-months-dictionary/translator-months-dicti
onary-English.dict
Dictionary: translator-months-dictionary, Language: English 
)
(/mn/sarpanitu/modules/packages/texlive/latest-uio/uio-texmf/texmf-dist/tex/lat
ex/beamer/translator/dicts/translator-numbers-dictionary/translator-numbers-dic
tionary-English.dict
Dictionary: translator-numbers-dictionary, Language: English 
)
(/mn/sarpanitu/modules/packages/texlive/latest-uio/uio-texmf/texmf-dist/tex/lat
ex/beamer/translator/dicts/translator-theorem-dictionary/translator-theorem-dic
tionary-English.dict
Dictionary: translator-theorem-dictionary, Language: English 
)
LaTeX Info: Redefining \includegraphics on input line 59.
 (./lecture_1.nav)
LaTeX Font Info:    Try loading font information for U+msa on input line 59.

(/mn/sarpanitu/modules/packages/texlive/latest-uio/uio-texmf/texmf-dist/tex/lat
ex/amsfonts/umsa.fd
File: umsa.fd 2013/01/14 v3.01 AMS symbols A
)
LaTeX Font Info:    Try loading font information for U+msb on input line 59.

(/mn/sarpanitu/modules/packages/texlive/latest-uio/uio-texmf/texmf-dist/tex/lat
ex/amsfonts/umsb.fd
File: umsb.fd 2013/01/14 v3.01 AMS symbols B
)
<../../../../support/uio_logo_eng.png, id=41, 1606.0pt x 272.01625pt>
File: ../../../../support/uio_logo_eng.png Graphic file (type png)

<use ../../../../support/uio_logo_eng.png>
Package pdftex.def Info: ../../../../support/uio_logo_eng.png used on input lin
e 59.
(pdftex.def)             Requested size: 96.35583pt x 16.32027pt.

Overfull \hbox (0.95734pt too wide) detected at line 59
[]$[]$ 
 []

File: ../../../../support/uio_logo_eng.png Graphic file (type png)
<use ../../../../support/uio_logo_eng.png>
Package pdftex.def Info: ../../../../support/uio_logo_eng.png used on input lin
e 73.
(pdftex.def)             Requested size: 96.35583pt x 16.32027pt.


LaTeX Font Warning: Font shape `OT1/cmss/m/n' in size <4> not available
(Font)              size <5> substituted on input line 73.

[1

{/mn/sarpanitu/modules/packages/texlive/latest-uio/uio-texmf/texmf-var/fonts/ma
p/pdftex/updmap/pdftex.map} <../../../../support/uio_logo_eng.png>]
(./lecture_1.toc)
File: ../../../../support/uio_logo_eng.png Graphic file (type png)
 <use ../../../../support/uio_logo_eng.png>
Package pdftex.def Info: ../../../../support/uio_logo_eng.png used on input lin
e 78.
(pdftex.def)             Requested size: 96.35583pt x 16.32027pt.

Overfull \hbox (0.95734pt too wide) has occurred while \output is active
[]$[]$ 
 []

[2

] <Cover.jpg, id=76, 120.45pt x 182.1204pt>
File: Cover.jpg Graphic file (type jpg)
 <use Cover.jpg>
Package pdftex.def Info: Cover.jpg used on input line 99.
(pdftex.def)             Requested size: 107.55333pt x 162.62575pt.
File: ../../../../support/uio_logo_eng.png Graphic file (type png)

<use ../../../../support/uio_logo_eng.png>
Package pdftex.def Info: ../../../../support/uio_logo_eng.png used on input lin
e 99.
(pdftex.def)             Requested size: 96.35583pt x 16.32027pt.

Overfull \hbox (0.95734pt too wide) has occurred while \output is active
[]$[]$ 
 []

[3

 <./Cover.jpg>]
File: ../../../../support/uio_logo_eng.png Graphic file (type png)
 <use ../../../../support/uio_logo_eng.png>
Package pdftex.def Info: ../../../../support/uio_logo_eng.png used on input lin
e 115.
(pdftex.def)             Requested size: 96.35583pt x 16.32027pt.

Overfull \hbox (0.95734pt too wide) has occurred while \output is active
[]$[]$ 
 []

[4

]
File: ../../../../support/uio_logo_eng.png Graphic file (type png)
 <use ../../../../support/uio_logo_eng.png>
Package pdftex.def Info: ../../../../support/uio_logo_eng.png used on input lin
e 142.
(pdftex.def)             Requested size: 96.35583pt x 16.32027pt.

Overfull \hbox (0.95734pt too wide) has occurred while \output is active
[]$[]$ 
 []

[5

] <prostate.pdf, id=95, 505.89pt x 505.89pt>
File: prostate.pdf Graphic file (type pdf)
 <use prostate.pdf>
Package pdftex.def Info: prostate.pdf used on input line 162.
(pdftex.def)             Requested size: 184.37227pt x 184.37427pt.

Overfull \hbox (36.87445pt too wide) in paragraph at lines 162--162
 [] 
 []

File: ../../../../support/uio_logo_eng.png Graphic file (type png)
<use ../../../../support/uio_logo_eng.png>
Package pdftex.def Info: ../../../../support/uio_logo_eng.png used on input lin
e 162.
(pdftex.def)             Requested size: 96.35583pt x 16.32027pt.

Overfull \hbox (0.95734pt too wide) has occurred while \output is active
[]$[]$ 
 []

[6

 <./prostate.pdf>] <digits.png, id=112, 722.7pt x 481.8pt>
File: digits.png Graphic file (type png)
 <use digits.png>
Package pdftex.def Info: digits.png used on input line 182.
(pdftex.def)             Requested size: 176.99692pt x 117.99423pt.

Overfull \hbox (29.4991pt too wide) in paragraph at lines 182--182
 [] 
 []

File: ../../../../support/uio_logo_eng.png Graphic file (type png)
<use ../../../../support/uio_logo_eng.png>
Package pdftex.def Info: ../../../../support/uio_logo_eng.png used on input lin
e 182.
(pdftex.def)             Requested size: 96.35583pt x 16.32027pt.

Overfull \hbox (0.95734pt too wide) has occurred while \output is active
[]$[]$ 
 []

[7

 <./digits.png>]
Missing character: There is no  in font cmss10!
Missing character: There is no  in font cmss10!
Missing character: There is no  in font cmss10!
File: ../../../../support/uio_logo_eng.png Graphic file (type png)
 <use ../../../../support/uio_logo_eng.png>
Package pdftex.def Info: ../../../../support/uio_logo_eng.png used on input lin
e 195.
(pdftex.def)             Requested size: 96.35583pt x 16.32027pt.

Overfull \hbox (0.95734pt too wide) has occurred while \output is active
[]$[]$ 
 []

[8

]
File: ../../../../support/uio_logo_eng.png Graphic file (type png)
 <use ../../../../support/uio_logo_eng.png>
Package pdftex.def Info: ../../../../support/uio_logo_eng.png used on input lin
e 221.
(pdftex.def)             Requested size: 96.35583pt x 16.32027pt.

Overfull \hbox (0.95734pt too wide) has occurred while \output is active
[]$[]$ 
 []

[9

] <supervised_unsupervised.png, id=133, 915.9018pt x 403.2666pt>
File: supervised_unsupervised.png Graphic file (type png)

<use supervised_unsupervised.png>
Package pdftex.def Info: supervised_unsupervised.png used on input line 238.
(pdftex.def)             Requested size: 291.92444pt x 128.53107pt.

Overfull \vbox (12.7956pt too high) detected at line 238
 []

File: ../../../../support/uio_logo_eng.png Graphic file (type png)
<use ../../../../support/uio_logo_eng.png>
Package pdftex.def Info: ../../../../support/uio_logo_eng.png used on input lin
e 238.
(pdftex.def)             Requested size: 96.35583pt x 16.32027pt.

Overfull \hbox (0.95734pt too wide) has occurred while \output is active
[]$[]$ 
 []

[10

 <./supervised_unsupervised.png>]
<heatmap.png, id=140, 404.712pt x 491.436pt>
File: heatmap.png Graphic file (type png)
 <use heatmap.png>
Package pdftex.def Info: heatmap.png used on input line 265.
(pdftex.def)             Requested size: 169.62604pt x 205.97429pt.

Overfull \hbox (28.27065pt too wide) in paragraph at lines 265--265
 [] 
 []

File: ../../../../support/uio_logo_eng.png Graphic file (type png)
<use ../../../../support/uio_logo_eng.png>
Package pdftex.def Info: ../../../../support/uio_logo_eng.png used on input lin
e 265.
(pdftex.def)             Requested size: 96.35583pt x 16.32027pt.

Overfull \hbox (0.95734pt too wide) has occurred while \output is active
[]$[]$ 
 []

[11

 <./heatmap.png>]
File: ../../../../support/uio_logo_eng.png Graphic file (type png)
 <use ../../../../support/uio_logo_eng.png>
Package pdftex.def Info: ../../../../support/uio_logo_eng.png used on input lin
e 282.
(pdftex.def)             Requested size: 96.35583pt x 16.32027pt.

Overfull \hbox (0.95734pt too wide) has occurred while \output is active
[]$[]$ 
 []

[12

]
File: ../../../../support/uio_logo_eng.png Graphic file (type png)
 <use ../../../../support/uio_logo_eng.png>
Package pdftex.def Info: ../../../../support/uio_logo_eng.png used on input lin
e 305.
(pdftex.def)             Requested size: 96.35583pt x 16.32027pt.

Overfull \hbox (0.95734pt too wide) has occurred while \output is active
[]$[]$ 
 []

[13

]
File: ../../../../support/uio_logo_eng.png Graphic file (type png)
 <use ../../../../support/uio_logo_eng.png>
Package pdftex.def Info: ../../../../support/uio_logo_eng.png used on input lin
e 320.
(pdftex.def)             Requested size: 96.35583pt x 16.32027pt.

Overfull \hbox (0.95734pt too wide) has occurred while \output is active
[]$[]$ 
 []

[14

]
File: ../../../../support/uio_logo_eng.png Graphic file (type png)
 <use ../../../../support/uio_logo_eng.png>
Package pdftex.def Info: ../../../../support/uio_logo_eng.png used on input lin
e 351.
(pdftex.def)             Requested size: 96.35583pt x 16.32027pt.

Overfull \hbox (0.95734pt too wide) has occurred while \output is active
[]$[]$ 
 []

[15

]
File: ../../../../support/uio_logo_eng.png Graphic file (type png)
 <use ../../../../support/uio_logo_eng.png>
Package pdftex.def Info: ../../../../support/uio_logo_eng.png used on input lin
e 374.
(pdftex.def)             Requested size: 96.35583pt x 16.32027pt.

Overfull \hbox (0.95734pt too wide) has occurred while \output is active
[]$[]$ 
 []

[16

]
File: ../../../../support/uio_logo_eng.png Graphic file (type png)
 <use ../../../../support/uio_logo_eng.png>
Package pdftex.def Info: ../../../../support/uio_logo_eng.png used on input lin
e 396.
(pdftex.def)             Requested size: 96.35583pt x 16.32027pt.

Overfull \hbox (0.95734pt too wide) has occurred while \output is active
[]$[]$ 
 []

[17

] <mls.jpg, id=185, 192.72pt x 115.3911pt>
File: mls.jpg Graphic file (type jpg)
 <use mls.jpg>
Package pdftex.def Info: mls.jpg used on input line 403.
(pdftex.def)             Requested size: 308.35239pt x 184.62599pt.

Overfull \hbox (1.06252pt too wide) in paragraph at lines 403--403
 [] 
 []

File: ../../../../support/uio_logo_eng.png Graphic file (type png)
<use ../../../../support/uio_logo_eng.png>
Package pdftex.def Info: ../../../../support/uio_logo_eng.png used on input lin
e 403.
(pdftex.def)             Requested size: 96.35583pt x 16.32027pt.

Overfull \hbox (0.95734pt too wide) has occurred while \output is active
[]$[]$ 
 []

[18

 <./mls.jpg>] <LeastSquare.png, id=191, 405.76593pt x 370.38374pt>
File: LeastSquare.png Graphic file (type png)

<use LeastSquare.png>
Package pdftex.def Info: LeastSquare.png used on input line 441.
(pdftex.def)             Requested size: 153.64493pt x 140.24994pt.

Overfull \vbox (4.83974pt too high) detected at line 441
 []

File: ../../../../support/uio_logo_eng.png Graphic file (type png)
<use ../../../../support/uio_logo_eng.png>
Package pdftex.def Info: ../../../../support/uio_logo_eng.png used on input lin
e 441.
(pdftex.def)             Requested size: 96.35583pt x 16.32027pt.

Overfull \hbox (0.95734pt too wide) has occurred while \output is active
[]$[]$ 
 []

[19

 <./LeastSquare.png>]
File: ../../../../support/uio_logo_eng.png Graphic file (type png)
 <use ../../../../support/uio_logo_eng.png>
Package pdftex.def Info: ../../../../support/uio_logo_eng.png used on input lin
e 461.
(pdftex.def)             Requested size: 96.35583pt x 16.32027pt.

Overfull \hbox (0.95734pt too wide) has occurred while \output is active
[]$[]$ 
 []

[20

] <NearestN.png, id=205, 414.04688pt x 374.14781pt>
File: NearestN.png Graphic file (type png)
 <use NearestN.png>
Package pdftex.def Info: NearestN.png used on input line 502.
(pdftex.def)             Requested size: 153.64493pt x 138.84357pt.
File: ../../../../support/uio_logo_eng.png Graphic file (type png)

<use ../../../../support/uio_logo_eng.png>
Package pdftex.def Info: ../../../../support/uio_logo_eng.png used on input lin
e 502.
(pdftex.def)             Requested size: 96.35583pt x 16.32027pt.

Overfull \hbox (0.95734pt too wide) has occurred while \output is active
[]$[]$ 
 []

[21

 <./NearestN.png>] <NearestN2.png, id=212, 386.19281pt x 366.61969pt>
File: NearestN2.png Graphic file (type png)

<use NearestN2.png>
Package pdftex.def Info: NearestN2.png used on input line 536.
(pdftex.def)             Requested size: 153.64493pt x 145.85649pt.
File: ../../../../support/uio_logo_eng.png Graphic file (type png)
 <use ../../../../support/uio_logo_eng.png>
Package pdftex.def Info: ../../../../support/uio_logo_eng.png used on input lin
e 536.
(pdftex.def)             Requested size: 96.35583pt x 16.32027pt.

Overfull \hbox (0.95734pt too wide) has occurred while \output is active
[]$[]$ 
 []

[22

 <./NearestN2.png>] <Fig24.png, id=219, 422.32782pt x 409.53pt>
File: Fig24.png Graphic file (type png)

<use Fig24.png>
Package pdftex.def Info: Fig24.png used on input line 542.
(pdftex.def)             Requested size: 215.10196pt x 208.58882pt.
File: ../../../../support/uio_logo_eng.png Graphic file (type png)
 <use ../../../../support/uio_logo_eng.png>
Package pdftex.def Info: ../../../../support/uio_logo_eng.png used on input lin
e 542.
(pdftex.def)             Requested size: 96.35583pt x 16.32027pt.

Overfull \hbox (0.95734pt too wide) has occurred while \output is active
[]$[]$ 
 []

[23

 <./Fig24.png>]
File: ../../../../support/uio_logo_eng.png Graphic file (type png)
 <use ../../../../support/uio_logo_eng.png>
Package pdftex.def Info: ../../../../support/uio_logo_eng.png used on input lin
e 555.
(pdftex.def)             Requested size: 96.35583pt x 16.32027pt.

Overfull \hbox (0.95734pt too wide) has occurred while \output is active
[]$[]$ 
 []

[24

]
File: ../../../../support/uio_logo_eng.png Graphic file (type png)
 <use ../../../../support/uio_logo_eng.png>
Package pdftex.def Info: ../../../../support/uio_logo_eng.png used on input lin
e 584.
(pdftex.def)             Requested size: 96.35583pt x 16.32027pt.

Overfull \hbox (0.95734pt too wide) has occurred while \output is active
[]$[]$ 
 []

[25

]
File: ../../../../support/uio_logo_eng.png Graphic file (type png)
 <use ../../../../support/uio_logo_eng.png>
Package pdftex.def Info: ../../../../support/uio_logo_eng.png used on input lin
e 601.
(pdftex.def)             Requested size: 96.35583pt x 16.32027pt.

Overfull \hbox (0.95734pt too wide) has occurred while \output is active
[]$[]$ 
 []

[26

]
File: ../../../../support/uio_logo_eng.png Graphic file (type png)
 <use ../../../../support/uio_logo_eng.png>
Package pdftex.def Info: ../../../../support/uio_logo_eng.png used on input lin
e 626.
(pdftex.def)             Requested size: 96.35583pt x 16.32027pt.

Overfull \hbox (0.95734pt too wide) has occurred while \output is active
[]$[]$ 
 []

[27

]
File: ../../../../support/uio_logo_eng.png Graphic file (type png)
 <use ../../../../support/uio_logo_eng.png>
Package pdftex.def Info: ../../../../support/uio_logo_eng.png used on input lin
e 650.
(pdftex.def)             Requested size: 96.35583pt x 16.32027pt.

Overfull \hbox (0.95734pt too wide) has occurred while \output is active
[]$[]$ 
 []

[28

]
File: ../../../../support/uio_logo_eng.png Graphic file (type png)
 <use ../../../../support/uio_logo_eng.png>
Package pdftex.def Info: ../../../../support/uio_logo_eng.png used on input lin
e 670.
(pdftex.def)             Requested size: 96.35583pt x 16.32027pt.

Overfull \hbox (0.95734pt too wide) has occurred while \output is active
[]$[]$ 
 []

[29

]
File: ../../../../support/uio_logo_eng.png Graphic file (type png)
 <use ../../../../support/uio_logo_eng.png>
Package pdftex.def Info: ../../../../support/uio_logo_eng.png used on input lin
e 689.
(pdftex.def)             Requested size: 96.35583pt x 16.32027pt.

Overfull \hbox (0.95734pt too wide) has occurred while \output is active
[]$[]$ 
 []

[30

]
File: ../../../../support/uio_logo_eng.png Graphic file (type png)
 <use ../../../../support/uio_logo_eng.png>
Package pdftex.def Info: ../../../../support/uio_logo_eng.png used on input lin
e 706.
(pdftex.def)             Requested size: 96.35583pt x 16.32027pt.

Overfull \hbox (0.95734pt too wide) has occurred while \output is active
[]$[]$ 
 []

[31

]
File: ../../../../support/uio_logo_eng.png Graphic file (type png)
 <use ../../../../support/uio_logo_eng.png>
Package pdftex.def Info: ../../../../support/uio_logo_eng.png used on input lin
e 722.
(pdftex.def)             Requested size: 96.35583pt x 16.32027pt.

Overfull \hbox (0.95734pt too wide) has occurred while \output is active
[]$[]$ 
 []

[32

]
LaTeX Font Info:    Try loading font information for U+dsrom on input line 757.


(/mn/sarpanitu/modules/packages/texlive/latest-uio/uio-texmf/texmf-dist/tex/lat
ex/doublestroke/Udsrom.fd
File: Udsrom.fd 1995/08/01 v0.1 Double stroke roman font definitions
)
Overfull \vbox (31.26335pt too high) detected at line 757
 []

File: ../../../../support/uio_logo_eng.png Graphic file (type png)
<use ../../../../support/uio_logo_eng.png>
Package pdftex.def Info: ../../../../support/uio_logo_eng.png used on input lin
e 757.
(pdftex.def)             Requested size: 96.35583pt x 16.32027pt.

Overfull \hbox (0.95734pt too wide) has occurred while \output is active
[]$[]$ 
 []

[33

] <Bayes.png, id=284, 421.575pt x 383.93437pt>
File: Bayes.png Graphic file (type png)
 <use Bayes.png>
Package pdftex.def Info: Bayes.png used on input line 790.
(pdftex.def)             Requested size: 153.64493pt x 139.9269pt.
File: ../../../../support/uio_logo_eng.png Graphic file (type png)

<use ../../../../support/uio_logo_eng.png>
Package pdftex.def Info: ../../../../support/uio_logo_eng.png used on input lin
e 790.
(pdftex.def)             Requested size: 96.35583pt x 16.32027pt.

Overfull \hbox (0.95734pt too wide) has occurred while \output is active
[]$[]$ 
 []

[34

 <./Bayes.png>]
File: ../../../../support/uio_logo_eng.png Graphic file (type png)
 <use ../../../../support/uio_logo_eng.png>
Package pdftex.def Info: ../../../../support/uio_logo_eng.png used on input lin
e 810.
(pdftex.def)             Requested size: 96.35583pt x 16.32027pt.

Overfull \hbox (0.95734pt too wide) has occurred while \output is active
[]$[]$ 
 []

[35

] <Fig26a.png, id=298, 225.84375pt x 271.0125pt>
File: Fig26a.png Graphic file (type png)
 <use Fig26a.png>
Package pdftex.def Info: Fig26a.png used on input line 827.
(pdftex.def)             Requested size: 122.91406pt x 147.4983pt.
File: ../../../../support/uio_logo_eng.png Graphic file (type png)

<use ../../../../support/uio_logo_eng.png>
Package pdftex.def Info: ../../../../support/uio_logo_eng.png used on input lin
e 827.
(pdftex.def)             Requested size: 96.35583pt x 16.32027pt.

Overfull \hbox (0.95734pt too wide) has occurred while \output is active
[]$[]$ 
 []

[36

 <./Fig26a.png>] <Fig26b.png, id=305, 286.06876pt x 286.06876pt>
File: Fig26b.png Graphic file (type png)

<use Fig26b.png>
Package pdftex.def Info: Fig26b.png used on input line 853.
(pdftex.def)             Requested size: 153.64258pt x 153.64546pt.

Overfull \hbox (30.72852pt too wide) in paragraph at lines 853--853
[][]  
 []


Overfull \hbox (13.2497pt too wide) in paragraph at lines 853--853
[]  
 []

File: ../../../../support/uio_logo_eng.png Graphic file (type png)
<use ../../../../support/uio_logo_eng.png>
Package pdftex.def Info: ../../../../support/uio_logo_eng.png used on input lin
e 853.
(pdftex.def)             Requested size: 96.35583pt x 16.32027pt.

Overfull \hbox (0.95734pt too wide) has occurred while \output is active
[]$[]$ 
 []

[37

 <./Fig26b.png>] <Fig27.png, id=313, 513.41812pt x 572.1375pt>
File: Fig27.png Graphic file (type png)

<use Fig27.png>
Package pdftex.def Info: Fig27.png used on input line 890.
(pdftex.def)             Requested size: 184.3758pt x 205.46298pt.
File: ../../../../support/uio_logo_eng.png Graphic file (type png)
 <use ../../../../support/uio_logo_eng.png>
Package pdftex.def Info: ../../../../support/uio_logo_eng.png used on input lin
e 890.
(pdftex.def)             Requested size: 96.35583pt x 16.32027pt.

Overfull \hbox (0.95734pt too wide) has occurred while \output is active
[]$[]$ 
 []

[38

 <./Fig27.png>]
File: ../../../../support/uio_logo_eng.png Graphic file (type png)
 <use ../../../../support/uio_logo_eng.png>
Package pdftex.def Info: ../../../../support/uio_logo_eng.png used on input lin
e 913.
(pdftex.def)             Requested size: 96.35583pt x 16.32027pt.

Overfull \hbox (0.95734pt too wide) has occurred while \output is active
[]$[]$ 
 []

[39

]
File: ../../../../support/uio_logo_eng.png Graphic file (type png)
 <use ../../../../support/uio_logo_eng.png>
Package pdftex.def Info: ../../../../support/uio_logo_eng.png used on input lin
e 931.
(pdftex.def)             Requested size: 96.35583pt x 16.32027pt.

Overfull \hbox (0.95734pt too wide) has occurred while \output is active
[]$[]$ 
 []

[40

]
File: ../../../../support/uio_logo_eng.png Graphic file (type png)
 <use ../../../../support/uio_logo_eng.png>
Package pdftex.def Info: ../../../../support/uio_logo_eng.png used on input lin
e 954.
(pdftex.def)             Requested size: 96.35583pt x 16.32027pt.

Overfull \hbox (0.95734pt too wide) has occurred while \output is active
[]$[]$ 
 []

[41

] <Data_Science_VD.png, id=343, 529.98pt x 505.89pt>
File: Data_Science_VD.png Graphic file (type png)

<use Data_Science_VD.png>
Package pdftex.def Info: Data_Science_VD.png used on input line 963.
(pdftex.def)             Requested size: 221.24907pt x 211.19095pt.

Overfull \vbox (9.72627pt too high) detected at line 963
 []

File: ../../../../support/uio_logo_eng.png Graphic file (type png)
<use ../../../../support/uio_logo_eng.png>
Package pdftex.def Info: ../../../../support/uio_logo_eng.png used on input lin
e 963.
(pdftex.def)             Requested size: 96.35583pt x 16.32027pt.

Overfull \hbox (0.95734pt too wide) has occurred while \output is active
[]$[]$ 
 []

[42

 <./Data_Science_VD.png>]
File: ../../../../support/uio_logo_eng.png Graphic file (type png)
 <use ../../../../support/uio_logo_eng.png>
Package pdftex.def Info: ../../../../support/uio_logo_eng.png used on input lin
e 979.
(pdftex.def)             Requested size: 96.35583pt x 16.32027pt.

Overfull \hbox (0.95734pt too wide) has occurred while \output is active
[]$[]$ 
 []

[43

]
File: ../../../../support/uio_logo_eng.png Graphic file (type png)
 <use ../../../../support/uio_logo_eng.png>
Package pdftex.def Info: ../../../../support/uio_logo_eng.png used on input lin
e 995.
(pdftex.def)             Requested size: 96.35583pt x 16.32027pt.

Overfull \hbox (0.95734pt too wide) has occurred while \output is active
[]$[]$ 
 []

[44

]
File: ../../../../support/uio_logo_eng.png Graphic file (type png)
 <use ../../../../support/uio_logo_eng.png>
Package pdftex.def Info: ../../../../support/uio_logo_eng.png used on input lin
e 1010.
(pdftex.def)             Requested size: 96.35583pt x 16.32027pt.

Overfull \hbox (0.95734pt too wide) has occurred while \output is active
[]$[]$ 
 []

[45

]
File: ../../../../support/uio_logo_eng.png Graphic file (type png)
 <use ../../../../support/uio_logo_eng.png>
Package pdftex.def Info: ../../../../support/uio_logo_eng.png used on input lin
e 1030.
(pdftex.def)             Requested size: 96.35583pt x 16.32027pt.

Overfull \hbox (0.95734pt too wide) has occurred while \output is active
[]$[]$ 
 []

[46

]
File: ../../../../support/uio_logo_eng.png Graphic file (type png)
 <use ../../../../support/uio_logo_eng.png>
Package pdftex.def Info: ../../../../support/uio_logo_eng.png used on input lin
e 1043.
(pdftex.def)             Requested size: 96.35583pt x 16.32027pt.

Overfull \hbox (0.95734pt too wide) has occurred while \output is active
[]$[]$ 
 []

[47

]
File: ../../../../support/uio_logo_eng.png Graphic file (type png)
 <use ../../../../support/uio_logo_eng.png>
Package pdftex.def Info: ../../../../support/uio_logo_eng.png used on input lin
e 1065.
(pdftex.def)             Requested size: 96.35583pt x 16.32027pt.

Overfull \hbox (0.95734pt too wide) has occurred while \output is active
[]$[]$ 
 []

[48

]
File: ../../../../support/uio_logo_eng.png Graphic file (type png)
 <use ../../../../support/uio_logo_eng.png>
Package pdftex.def Info: ../../../../support/uio_logo_eng.png used on input lin
e 1083.
(pdftex.def)             Requested size: 96.35583pt x 16.32027pt.

Overfull \hbox (0.95734pt too wide) has occurred while \output is active
[]$[]$ 
 []

[49

]
Missing character: There is no  in font cmss10!
Missing character: There is no  in font cmss10!
Missing character: There is no  in font cmss10!
Missing character: There is no  in font cmss10!
Missing character: There is no  in font cmss10!
Missing character: There is no  in font cmss10!
File: ../../../../support/uio_logo_eng.png Graphic file (type png)
 <use ../../../../support/uio_logo_eng.png>
Package pdftex.def Info: ../../../../support/uio_logo_eng.png used on input lin
e 1099.
(pdftex.def)             Requested size: 96.35583pt x 16.32027pt.

Overfull \hbox (0.95734pt too wide) has occurred while \output is active
[]$[]$ 
 []

[50

] (./lecture_1.bbl

LaTeX Font Warning: Font shape `OT1/cmss/m/sc' in size <9> not available
(Font)              Font shape `OT1/cmr/m/sc' tried instead on input line 5.

)
File: ../../../../support/uio_logo_eng.png Graphic file (type png)
 <use ../../../../support/uio_logo_eng.png>
Package pdftex.def Info: ../../../../support/uio_logo_eng.png used on input lin
e 1111.
(pdftex.def)             Requested size: 96.35583pt x 16.32027pt.

Overfull \hbox (0.95734pt too wide) has occurred while \output is active
[]$[]$ 
 []

[51

]
\tf@nav=\write6
\openout6 = `lecture_1.nav'.

\tf@toc=\write7
\openout7 = `lecture_1.toc'.

\tf@snm=\write8
\openout8 = `lecture_1.snm'.

Package atveryend Info: Empty hook `BeforeClearDocument' on input line 1113.
Package atveryend Info: Empty hook `AfterLastShipout' on input line 1113.
 (./lecture_1.aux)
Package atveryend Info: Executing hook `AtVeryEndDocument' on input line 1113.
Package atveryend Info: Executing hook `AtEndAfterFileList' on input line 1113.

Package rerunfilecheck Info: File `lecture_1.out' has not changed.
(rerunfilecheck)             Checksum: FCA5FED1D89DDA67E5933BF1C26B2BEE;529.


LaTeX Font Warning: Size substitutions with differences
(Font)              up to 1.0pt have occurred.

 ) 
Here is how much of TeX's memory you used:
 18370 strings out of 493013
 352361 string characters out of 6120476
 421185 words of memory out of 5000000
 21334 multiletter control sequences out of 15000+600000
 23393 words of font info for 87 fonts, out of 8000000 for 9000
 1141 hyphenation exceptions out of 8191
 48i,21n,61p,775b,685s stack positions out of 5000i,500n,10000p,200000b,80000s
</mn/sarpanitu/modules/packages/texlive/latest-uio/uio-texmf/texmf-dist/fonts
/type1/public/amsfonts/cm/cmbx10.pfb></mn/sarpanitu/modules/packages/texlive/la
test-uio/uio-texmf/texmf-dist/fonts/type1/public/amsfonts/cm/cmcsc10.pfb></mn/s
arpanitu/modules/packages/texlive/latest-uio/uio-texmf/texmf-dist/fonts/type1/p
ublic/amsfonts/cm/cmmi10.pfb></mn/sarpanitu/modules/packages/texlive/latest-uio
/uio-texmf/texmf-dist/fonts/type1/public/amsfonts/cm/cmmi6.pfb></mn/sarpanitu/m
odules/packages/texlive/latest-uio/uio-texmf/texmf-dist/fonts/type1/public/amsf
onts/cm/cmmi7.pfb></mn/sarpanitu/modules/packages/texlive/latest-uio/uio-texmf/
texmf-dist/fonts/type1/public/amsfonts/cm/cmmi8.pfb></mn/sarpanitu/modules/pack
ages/texlive/latest-uio/uio-texmf/texmf-dist/fonts/type1/public/amsfonts/cm/cmr
10.pfb></mn/sarpanitu/modules/packages/texlive/latest-uio/uio-texmf/texmf-dist/
fonts/type1/public/amsfonts/cm/cmr6.pfb></mn/sarpanitu/modules/packages/texlive
/latest-uio/uio-texmf/texmf-dist/fonts/type1/public/amsfonts/cm/cmr7.pfb></mn/s
arpanitu/modules/packages/texlive/latest-uio/uio-texmf/texmf-dist/fonts/type1/p
ublic/amsfonts/cm/cmr8.pfb></mn/sarpanitu/modules/packages/texlive/latest-uio/u
io-texmf/texmf-dist/fonts/type1/public/amsfonts/cm/cmss10.pfb></mn/sarpanitu/mo
dules/packages/texlive/latest-uio/uio-texmf/texmf-dist/fonts/type1/public/amsfo
nts/cm/cmss12.pfb></mn/sarpanitu/modules/packages/texlive/latest-uio/uio-texmf/
texmf-dist/fonts/type1/public/amsfonts/cm/cmss8.pfb></mn/sarpanitu/modules/pack
ages/texlive/latest-uio/uio-texmf/texmf-dist/fonts/type1/public/amsfonts/cm/cms
s9.pfb></mn/sarpanitu/modules/packages/texlive/latest-uio/uio-texmf/texmf-dist/
fonts/type1/public/amsfonts/cm/cmssbx10.pfb></mn/sarpanitu/modules/packages/tex
live/latest-uio/uio-texmf/texmf-dist/fonts/type1/public/amsfonts/cm/cmssi10.pfb
></mn/sarpanitu/modules/packages/texlive/latest-uio/uio-texmf/texmf-dist/fonts/
type1/public/amsfonts/cm/cmssi9.pfb></mn/sarpanitu/modules/packages/texlive/lat
est-uio/uio-texmf/texmf-dist/fonts/type1/public/amsfonts/cm/cmsy10.pfb></mn/sar
panitu/modules/packages/texlive/latest-uio/uio-texmf/texmf-dist/fonts/type1/pub
lic/amsfonts/cm/cmsy7.pfb></mn/sarpanitu/modules/packages/texlive/latest-uio/ui
o-texmf/texmf-dist/fonts/type1/public/amsfonts/cm/cmsy8.pfb></mn/sarpanitu/modu
les/packages/texlive/latest-uio/uio-texmf/texmf-dist/fonts/type1/public/amsfont
s/cm/cmtt10.pfb></mn/sarpanitu/modules/packages/texlive/latest-uio/uio-texmf/te
xmf-dist/fonts/type1/public/doublestroke/dsrom10.pfb></mn/sarpanitu/modules/pac
kages/texlive/latest-uio/uio-texmf/texmf-dist/fonts/type1/public/mathabx-type1/
matha10.pfb></mn/sarpanitu/modules/packages/texlive/latest-uio/uio-texmf/texmf-
dist/fonts/type1/public/mathabx-type1/matha7.pfb></mn/sarpanitu/modules/package
s/texlive/latest-uio/uio-texmf/texmf-dist/fonts/type1/public/mathabx-type1/math
a8.pfb></mn/sarpanitu/modules/packages/texlive/latest-uio/uio-texmf/texmf-dist/
fonts/type1/public/mathabx-type1/mathb6.pfb></mn/sarpanitu/modules/packages/tex
live/latest-uio/uio-texmf/texmf-dist/fonts/type1/public/mathabx-type1/mathx10.p
fb>
Output written on lecture_1.pdf (51 pages, 940175 bytes).
PDF statistics:
 525 PDF objects out of 1000 (max. 8388607)
 402 compressed objects within 5 object streams
 118 named destinations out of 1000 (max. 500000)
 191 words of extra memory for PDF output out of 10000 (max. 10000000)

