This is pdfTeX, Version 3.14159265-2.6-1.40.17 (TeX Live 2016) (preloaded format=pdflatex 2017.1.17)  28 AUG 2018 14:08
entering extended mode
 restricted \write18 enabled.
 %&-line parsing enabled.
**extra_exercise_l2.tex
(./extra_exercise_l2.tex
LaTeX2e <2016/03/31> patch level 3
Babel <3.9r> and hyphenation patterns for 83 language(s) loaded.

(/mn/sarpanitu/modules/packages/texlive/latest-uio/uio-texmf/texmf-dist/tex/lat
ex/base/article.cls
Document Class: article 2014/09/29 v1.4h Standard LaTeX document class

(/mn/sarpanitu/modules/packages/texlive/latest-uio/uio-texmf/texmf-dist/tex/lat
ex/base/size12.clo
File: size12.clo 2014/09/29 v1.4h Standard LaTeX file (size option)
)
\c@part=\count79
\c@section=\count80
\c@subsection=\count81
\c@subsubsection=\count82
\c@paragraph=\count83
\c@subparagraph=\count84
\c@figure=\count85
\c@table=\count86
\abovecaptionskip=\skip41
\belowcaptionskip=\skip42
\bibindent=\dimen102
)
(/mn/sarpanitu/modules/packages/texlive/latest-uio/uio-texmf/texmf-dist/tex/lat
ex/base/inputenc.sty
Package: inputenc 2015/03/17 v1.2c Input encoding file
\inpenc@prehook=\toks14
\inpenc@posthook=\toks15

(/mn/sarpanitu/modules/packages/texlive/latest-uio/uio-texmf/texmf-dist/tex/lat
ex/base/latin1.def
File: latin1.def 2015/03/17 v1.2c Input encoding file
))
(/mn/sarpanitu/modules/packages/texlive/latest-uio/uio-texmf/texmf-dist/tex/lat
ex/graphics/graphicx.sty
Package: graphicx 2014/10/28 v1.0g Enhanced LaTeX Graphics (DPC,SPQR)

(/mn/sarpanitu/modules/packages/texlive/latest-uio/uio-texmf/texmf-dist/tex/lat
ex/graphics/keyval.sty
Package: keyval 2014/10/28 v1.15 key=value parser (DPC)
\KV@toks@=\toks16
)
(/mn/sarpanitu/modules/packages/texlive/latest-uio/uio-texmf/texmf-dist/tex/lat
ex/graphics/graphics.sty
Package: graphics 2016/07/10 v1.0t Standard LaTeX Graphics (DPC,SPQR)

(/mn/sarpanitu/modules/packages/texlive/latest-uio/uio-texmf/texmf-dist/tex/lat
ex/graphics/trig.sty
Package: trig 2016/01/03 v1.10 sin cos tan (DPC)
)
(/mn/sarpanitu/modules/packages/texlive/latest-uio/uio-texmf/texmf-dist/tex/lat
ex/graphics-cfg/graphics.cfg
File: graphics.cfg 2016/06/04 v1.11 sample graphics configuration
)
Package graphics Info: Driver file: pdftex.def on input line 99.

(/mn/sarpanitu/modules/packages/texlive/latest-uio/uio-texmf/texmf-dist/tex/lat
ex/graphics-def/pdftex.def
File: pdftex.def 2016/07/10 v0.06j Graphics/color for pdfTeX

(/mn/sarpanitu/modules/packages/texlive/latest-uio/uio-texmf/texmf-dist/tex/gen
eric/oberdiek/infwarerr.sty
Package: infwarerr 2016/05/16 v1.4 Providing info/warning/error messages (HO)
)
(/mn/sarpanitu/modules/packages/texlive/latest-uio/uio-texmf/texmf-dist/tex/gen
eric/oberdiek/ltxcmds.sty
Package: ltxcmds 2016/05/16 v1.23 LaTeX kernel commands for general use (HO)
)
\Gread@gobject=\count87
))
\Gin@req@height=\dimen103
\Gin@req@width=\dimen104
)
(/mn/sarpanitu/modules/packages/texlive/latest-uio/uio-texmf/texmf-dist/tex/lat
ex/amsmath/amsmath.sty
Package: amsmath 2016/06/28 v2.15d AMS math features
\@mathmargin=\skip43

For additional information on amsmath, use the `?' option.

(/mn/sarpanitu/modules/packages/texlive/latest-uio/uio-texmf/texmf-dist/tex/lat
ex/amsmath/amstext.sty
Package: amstext 2000/06/29 v2.01 AMS text

(/mn/sarpanitu/modules/packages/texlive/latest-uio/uio-texmf/texmf-dist/tex/lat
ex/amsmath/amsgen.sty
File: amsgen.sty 1999/11/30 v2.0 generic functions
\@emptytoks=\toks17
\ex@=\dimen105
))
(/mn/sarpanitu/modules/packages/texlive/latest-uio/uio-texmf/texmf-dist/tex/lat
ex/amsmath/amsbsy.sty
Package: amsbsy 1999/11/29 v1.2d Bold Symbols
\pmbraise@=\dimen106
)
(/mn/sarpanitu/modules/packages/texlive/latest-uio/uio-texmf/texmf-dist/tex/lat
ex/amsmath/amsopn.sty
Package: amsopn 2016/03/08 v2.02 operator names
)
\inf@bad=\count88
LaTeX Info: Redefining \frac on input line 199.
\uproot@=\count89
\leftroot@=\count90
LaTeX Info: Redefining \overline on input line 297.
\classnum@=\count91
\DOTSCASE@=\count92
LaTeX Info: Redefining \ldots on input line 394.
LaTeX Info: Redefining \dots on input line 397.
LaTeX Info: Redefining \cdots on input line 518.
\Mathstrutbox@=\box26
\strutbox@=\box27
\big@size=\dimen107
LaTeX Font Info:    Redeclaring font encoding OML on input line 634.
LaTeX Font Info:    Redeclaring font encoding OMS on input line 635.
\macc@depth=\count93
\c@MaxMatrixCols=\count94
\dotsspace@=\muskip10
\c@parentequation=\count95
\dspbrk@lvl=\count96
\tag@help=\toks18
\row@=\count97
\column@=\count98
\maxfields@=\count99
\andhelp@=\toks19
\eqnshift@=\dimen108
\alignsep@=\dimen109
\tagshift@=\dimen110
\tagwidth@=\dimen111
\totwidth@=\dimen112
\lineht@=\dimen113
\@envbody=\toks20
\multlinegap=\skip44
\multlinetaggap=\skip45
\mathdisplay@stack=\toks21
LaTeX Info: Redefining \[ on input line 2739.
LaTeX Info: Redefining \] on input line 2740.
)
(/mn/sarpanitu/modules/packages/texlive/latest-uio/uio-texmf/texmf-dist/tex/lat
ex/tools/verbatim.sty
Package: verbatim 2014/10/28 v1.5q LaTeX2e package for verbatim enhancements
\every@verbatim=\toks22
\verbatim@line=\toks23
\verbatim@in@stream=\read1
)
(/mn/sarpanitu/modules/packages/texlive/latest-uio/uio-texmf/texmf-dist/tex/lat
ex/natbib/natbib.sty
Package: natbib 2010/09/13 8.31b (PWD, AO)
\bibhang=\skip46
\bibsep=\skip47
LaTeX Info: Redefining \cite on input line 694.
\c@NAT@ctr=\count100
) (./extra_exercise_l2.aux)
\openout1 = `extra_exercise_l2.aux'.

LaTeX Font Info:    Checking defaults for OML/cmm/m/it on input line 7.
LaTeX Font Info:    ... okay on input line 7.
LaTeX Font Info:    Checking defaults for T1/cmr/m/n on input line 7.
LaTeX Font Info:    ... okay on input line 7.
LaTeX Font Info:    Checking defaults for OT1/cmr/m/n on input line 7.
LaTeX Font Info:    ... okay on input line 7.
LaTeX Font Info:    Checking defaults for OMS/cmsy/m/n on input line 7.
LaTeX Font Info:    ... okay on input line 7.
LaTeX Font Info:    Checking defaults for OMX/cmex/m/n on input line 7.
LaTeX Font Info:    ... okay on input line 7.
LaTeX Font Info:    Checking defaults for U/cmr/m/n on input line 7.
LaTeX Font Info:    ... okay on input line 7.

(/mn/sarpanitu/modules/packages/texlive/latest-uio/uio-texmf/texmf-dist/tex/con
text/base/mkii/supp-pdf.mkii
[Loading MPS to PDF converter (version 2006.09.02).]
\scratchcounter=\count101
\scratchdimen=\dimen114
\scratchbox=\box28
\nofMPsegments=\count102
\nofMParguments=\count103
\everyMPshowfont=\toks24
\MPscratchCnt=\count104
\MPscratchDim=\dimen115
\MPnumerator=\count105
\makeMPintoPDFobject=\count106
\everyMPtoPDFconversion=\toks25
)
(/mn/sarpanitu/modules/packages/texlive/latest-uio/uio-texmf/texmf-dist/tex/gen
eric/oberdiek/pdftexcmds.sty
Package: pdftexcmds 2016/05/21 v0.22 Utility functions of pdfTeX for LuaTeX (HO
)

(/mn/sarpanitu/modules/packages/texlive/latest-uio/uio-texmf/texmf-dist/tex/gen
eric/oberdiek/ifluatex.sty
Package: ifluatex 2016/05/16 v1.4 Provides the ifluatex switch (HO)
Package ifluatex Info: LuaTeX not detected.
)
(/mn/sarpanitu/modules/packages/texlive/latest-uio/uio-texmf/texmf-dist/tex/gen
eric/oberdiek/ifpdf.sty
Package: ifpdf 2016/05/14 v3.1 Provides the ifpdf switch
)
Package pdftexcmds Info: LuaTeX not detected.
Package pdftexcmds Info: \pdf@primitive is available.
Package pdftexcmds Info: \pdf@ifprimitive is available.
Package pdftexcmds Info: \pdfdraftmode found.
)
(/mn/sarpanitu/modules/packages/texlive/latest-uio/uio-texmf/texmf-dist/tex/lat
ex/oberdiek/epstopdf-base.sty
Package: epstopdf-base 2016/05/15 v2.6 Base part for package epstopdf

(/mn/sarpanitu/modules/packages/texlive/latest-uio/uio-texmf/texmf-dist/tex/lat
ex/oberdiek/grfext.sty
Package: grfext 2016/05/16 v1.2 Manage graphics extensions (HO)

(/mn/sarpanitu/modules/packages/texlive/latest-uio/uio-texmf/texmf-dist/tex/gen
eric/oberdiek/kvdefinekeys.sty
Package: kvdefinekeys 2016/05/16 v1.4 Define keys (HO)
))
(/mn/sarpanitu/modules/packages/texlive/latest-uio/uio-texmf/texmf-dist/tex/lat
ex/oberdiek/kvoptions.sty
Package: kvoptions 2016/05/16 v3.12 Key value format for package options (HO)

(/mn/sarpanitu/modules/packages/texlive/latest-uio/uio-texmf/texmf-dist/tex/gen
eric/oberdiek/kvsetkeys.sty
Package: kvsetkeys 2016/05/16 v1.17 Key value parser (HO)

(/mn/sarpanitu/modules/packages/texlive/latest-uio/uio-texmf/texmf-dist/tex/gen
eric/oberdiek/etexcmds.sty
Package: etexcmds 2016/05/16 v1.6 Avoid name clashes with e-TeX commands (HO)
Package etexcmds Info: Could not find \expanded.
(etexcmds)             That can mean that you are not using pdfTeX 1.50 or
(etexcmds)             that some package has redefined \expanded.
(etexcmds)             In the latter case, load this package earlier.
)))
Package epstopdf-base Info: Redefining graphics rule for `.eps' on input line 4
38.
Package grfext Info: Graphics extension search list:
(grfext)             [.png,.pdf,.jpg,.mps,.jpeg,.jbig2,.jb2,.PNG,.PDF,.JPG,.JPE
G,.JBIG2,.JB2,.eps]
(grfext)             \AppendGraphicsExtensions on input line 456.

(/mn/sarpanitu/modules/packages/texlive/latest-uio/uio-texmf/texmf-dist/tex/lat
ex/latexconfig/epstopdf-sys.cfg
File: epstopdf-sys.cfg 2010/07/13 v1.3 Configuration of (r)epstopdf for TeX Liv
e
))
<EBF_description.png, id=1, 375.804pt x 245.718pt>
File: EBF_description.png Graphic file (type png)
 <use EBF_description.png>
Package pdftex.def Info: EBF_description.png used on input line 12.
(pdftex.def)             Requested size: 375.80309pt x 245.71739pt.

Overfull \hbox (3.4279pt too wide) in paragraph at lines 12--13
[][] 
 []

LaTeX Font Info:    Try loading font information for OMS+cmr on input line 16.

(/mn/sarpanitu/modules/packages/texlive/latest-uio/uio-texmf/texmf-dist/tex/lat
ex/base/omscmr.fd
File: omscmr.fd 2014/09/29 v2.5h Standard LaTeX font definitions
)
LaTeX Font Info:    Font shape `OMS/cmr/m/n' in size <12> not available
(Font)              Font shape `OMS/cmsy/m/n' tried instead on input line 16.
 (./extra_exercise_l2.bbl) [1

{/mn/sarpanitu/modules/packages/texlive/latest-uio/uio-texmf/texmf-var/fonts/ma
p/pdftex/updmap/pdftex.map} <./EBF_description.png>] (./extra_exercise_l2.aux) 
) 
Here is how much of TeX's memory you used:
 2512 strings out of 493013
 36907 string characters out of 6120476
 97712 words of memory out of 5000000
 6033 multiletter control sequences out of 15000+600000
 5449 words of font info for 20 fonts, out of 8000000 for 9000
 1141 hyphenation exceptions out of 8191
 40i,4n,25p,249b,150s stack positions out of 5000i,500n,10000p,200000b,80000s
</mn/sarpanitu/modules/packages/texlive/latest-uio/uio-texmf/texmf-dist/fonts/
type1/public/amsfonts/cm/cmbx12.pfb></mn/sarpanitu/modules/packages/texlive/lat
est-uio/uio-texmf/texmf-dist/fonts/type1/public/amsfonts/cm/cmcsc10.pfb></mn/sa
rpanitu/modules/packages/texlive/latest-uio/uio-texmf/texmf-dist/fonts/type1/pu
blic/amsfonts/cm/cmr12.pfb></mn/sarpanitu/modules/packages/texlive/latest-uio/u
io-texmf/texmf-dist/fonts/type1/public/amsfonts/cm/cmsy10.pfb></mn/sarpanitu/mo
dules/packages/texlive/latest-uio/uio-texmf/texmf-dist/fonts/type1/public/amsfo
nts/cm/cmti12.pfb>
Output written on extra_exercise_l2.pdf (1 page, 142797 bytes).
PDF statistics:
 31 PDF objects out of 1000 (max. 8388607)
 20 compressed objects within 1 object stream
 0 named destinations out of 1000 (max. 500000)
 6 words of extra memory for PDF output out of 10000 (max. 10000000)

